---
title: gloom_iloveyou.log
---
[23:41] * JeSteR loves Spork<br>
[23:41] * Spork loves jher<br>
[23:41] * JeSteR loves Spork<br>
[23:41] *** Reaper-1 (reaper_001@adsl-27-48.owt.com) has joined #gloom<br>
[23:41] * Spork loves jher<br>
[23:41] * JeSteR loves Spork<br>
[23:41] &lt;JeSteR&gt; hehe<br>
[23:41] * Spork loves jher<br>
[23:41] &lt;JeSteR&gt; hehe<br>
[23:41] * JeSteR loves Spork<br>
[23:41] * Spork loves jher<br>
[23:41] * JeSteR loves Spork<br>
[23:41] * Spork loves jher<br>
[23:41] * JeSteR loves Spork<br>
[23:41] * LlurkBot_550 kicks Reaper-1<br>
[23:41] * Spork loves jher<br>
[23:41] * Reaper-1 loves ruby<br>
[23:41] * JeSteR loves Spork<br>
[23:41] * JeSteR loves Spork<br>
[23:41] * JeSteR loves Spork<br>
[23:41] * Spork loves jher<br>
[23:41] * JeSteR loves Spork<br>
[23:41] * Spork loves jher<br>
[23:41] * Spork loves jher<br>
[23:41] * Spork loves jher<br>
[23:41] * Reaper-1 loves ruby<br>
[23:41] * JeSteR loves Spork<br>
[23:41] * Reaper-1 loves ruby<br>
[23:41] * Reaper-1 loves ruby<br>
[23:41] * Reaper-1 loves ruby<br>
[23:41] *** ryuenjin has quit IRC (~you@56kdialpe38.kdsi.net) (Killed (Repeated password failure))<br>
[23:41] * Reaper-1 loves ruby<br>
[23:41] * Reaper-1 loves ruby<br>
[23:41] * JeSteR loves Spork<br>
[23:41] * Reaper-1 loves ruby<br>
[23:41] * Or loves his pp<br>
[23:41] * JeSteR loves Spork<br>
[23:41] * Spork loves jher<br>
[23:41] * Spork loves jher<br>
[23:41] * JeSteR loves Spork<br>
[23:42] * Spork loves jher<br>
[23:42] * JeSteR loves Spork<br>
[23:42] * Spork loves jher<br>
[23:42] * JeSteR loves Spork<br>
[23:42] *** ryuenjin (~you@56kdialpe38.kdsi.net) has joined #gloom<br>
[23:42] * Spork loves jher<br>
[23:42] * JeSteR loves Spork<br>
[23:42] * QID|YDL loves ruby too<br>
[23:42] * Spork loves jher<br>
[23:42] * JeSteR loves Spork<br>
[23:42] * Spork loves jher<br>
[23:42] *** Spork was kicked by Jherax[DSH] (24 lps of pure lovin comin at j00!)<br>
[23:42] * JeSteR loves Spork<br>
[23:42] &lt;Reaper-1&gt; =)<br>
[23:42] * JeSteR loves Spork<br>
[23:42] * JeSteR loves Spork<br>
[23:42] * JeSteR loves Spork<br>
[23:42] * JeSteR loves Spork<br>
[23:42] &lt;Or&gt; lol<br>
[23:42] * JeSteR loves Spork<br>
[23:42] *** ryuenjin is now known as nameless<br>
[23:42] &lt;Reaper-1&gt; hey guys check it out, I&#39;M TALKING IN PLAIN TEXT!<br>
[23:42] * JeSteR loves Spork<br>
[23:42] *** Spork (deletia@user-33qt08t.dialup.mindspring.com) has joined #gloom<br>
[23:42] &lt;JeSteR&gt; hehe<br>
[23:42] &lt;Spork&gt; lol<br>
[23:42] &lt;JeSteR&gt; hehe<br>
[23:42] &lt;JeSteR&gt; hehe<br>
[23:42] * JeSteR loves Spork<br>
[23:42] * JeSteR loves Spork<br>
[23:42] &lt;LlurkBot_550&gt; whoa<br>
[23:42] * JeSteR loves Spork<br>
[23:42] * JeSteR loves Spork<br>
[23:42] &lt;nameless&gt; I find it funny that my name becomes registered the DAY after I stop using it<br>
[23:42] &lt;QID|YDL&gt; I&#39;m logging this<br>
[23:42] &lt;LlurkBot_550&gt; you can do that?<br>
[23:42] &lt;JeSteR&gt; omg lol<br>
[23:42] * Spork loves jher<br>
[23:42] * nameless thinks someone is trying to screw him<br>
[23:42] &lt;Spork&gt; lol<br>
[23:43] &lt;Spork&gt; you wish<br>
[23:43] * JeSteR thinks he knows who *wink*<br>
[23:43] * Spork loves jher<br>
