---
title: gordon.log
---
[13:50] *** Gordon (dgdf@146.115.87.232) has joined #half-life<br>
[13:51] &lt;Gordon&gt; hi<br>
[13:51] &lt;Gordon&gt; hello<br>
[13:51] &lt;Gordon&gt; anybody here?<br>
[13:53] &lt;Gordon&gt; not much happens her, ey?<br>
[13:53] &lt;Gordon&gt; thought so<br>
[13:54] &lt;Gordon&gt; ever heard of hospitality?<br>
[13:54] &lt;QID|YDL&gt; WHAT<br>
[13:54] *** Gordon (dgdf@146.115.87.232) has left #half-life<br>
[13:54] &lt;QID|YDL&gt; lamer<br>
[13:54] *** Gordon (dgdf@146.115.87.232) has joined #half-life<br>
[13:54] &lt;Gordon&gt; wups<br>
[13:54] &lt;tenkei&gt; moron<br>
[13:54] &lt;Gordon&gt; hey!<br>
[13:54] &lt;QID|YDL&gt; lamer<br>
[13:55] &lt;Gordon&gt; why?<br>
[13:55] &lt;tenkei&gt; get out<br>
[13:55] &lt;Gordon&gt; why?<br>
[13:55] &lt;Gordon&gt; what have i done?<br>
[13:55] &lt;Gordon&gt; what crime have i comitted?<br>
[13:55] * Gordon starts crying<br>
[13:55] *** Gordon was kicked by Sonny_G_bot (flood)<br>
[13:55] *** Gordon (dgdf@146.115.87.232) has joined #half-life<br>
[13:55] &lt;Gordon&gt; bunch a dumbasses<br>
[13:55] * Gordon slaps Sonny_G_bot around a bit with a large trout<br>
[13:55] * Gordon slaps JimmyCunt around a bit with a large trout<br>
[13:55] * Gordon slaps DrDeath around a bit with a large trout<br>
[13:55] *** Gordon was kicked by Sonny_G_bot (flood)<br>
[13:55] *** Gordon (dgdf@146.115.87.232) has joined #half-life<br>
[13:55] &lt;Gordon&gt; hahahha<br>
[13:55] &lt;Gordon&gt; ha<br>
[13:55] &lt;Gordon&gt; ha<br>
[13:55] * Gordon slaps Gordon around a bit with a large trout<br>
[13:55] *** Gordon was kicked by Sonny_G_bot (flood)<br>
[13:55] *** Gordon (dgdf@146.115.87.232) has joined #half-life<br>
[13:55] &lt;Gordon&gt; dude!<br>
[13:56] &lt;Gordon&gt; stop!<br>
[13:56] &lt;QID|YDL&gt; can someone please kb this guy?<br>
[13:56] &lt;Gordon&gt; ill stop too<br>
[13:56] &lt;QID|YDL&gt; Gordon: IT&#39;S A FUCKING BOT<br>
[13:56] &lt;QID|YDL&gt; Gordon: STOP TRYING TO TALK TO IT<br>
[13:56] &lt;Gordon&gt; no it aint<br>
[13:56] &lt;Gordon&gt; its a human<br>
[13:56] &lt;QID|YDL&gt; Gordon: EVEN IF IT COULD TALK IT WOULDN&#39;T WANT TO TALK TO YOU<br>
[13:56] &lt;Gordon&gt; at least i think<br>
[13:56] &lt;Gordon&gt; i think therfore i am<br>
[13:56] &lt;QID|YDL&gt; Gordon: DO YOU UNDERSTAND<br>
[13:56] &lt;Gordon&gt; no i dont<br>
[13:57] &lt;Gordon&gt; i wanna talk to him<br>
[13:57] &lt;Gordon&gt; now<br>
[13:57] &lt;Gordon&gt; please<br>
[13:57] *** Gordon was kicked by Sonny_G_bot (flood)<br>
[13:57] *** Gordon (dgdf@146.115.87.232) has joined #half-life<br>
[13:57] &lt;Gordon&gt; back again<br>
[13:57] &lt;Gordon&gt; fujny<br>
[13:57] &lt;Gordon&gt; funny<br>
[13:57] &lt;Gordon&gt; sup?<br>
[13:57] *** Gordon was kicked by Sonny_G_bot (flood)<br>
[13:57] *** Gordon (dgdf@146.115.87.232) has joined #half-life<br>
[13:57] &lt;Gordon&gt; ill just continue<br>
[13:57] &lt;QID|YDL&gt; why are the ops never here when the lamers are bothering us?<br>
[13:57] &lt;Gordon&gt; doin this<br>
[13:57] &lt;tenkei&gt; ...<br>
[13:57] &lt;Gordon&gt; have top much time on my hands<br>
[13:58] &lt;Gordon&gt; if you would start a cnversation with me i would calm down<br>
[13:58] *** HL2001 has quit IRC (HL2001@ppp0223.connect.ab.ca) (Ping timeout)<br>
[13:58] &lt;Gordon&gt; so...<br>
[13:58] &lt;Gordon&gt; anyone wanna chat?<br>
[13:58] &lt;QID|YDL&gt; NO<br>
[13:58] &lt;Gordon&gt; u guys=no fun<br>
[13:59] &lt;Gordon&gt; me=fun<br>
[13:59] * Gordon starts partying<br>
[13:59] &lt;QID|YDL&gt; you=lamer<br>
[13:59] &lt;tenkei&gt; get the fuck outta here, partyboi<br>
[13:59] &lt;Gordon&gt; no<br>
[13:59] *** HL2001 (HL2001@ppp0223.connect.ab.ca) has joined #half-life<br>
[13:59] &lt;Gordon&gt; i refuse<br>
[13:59] &lt;Gordon&gt; tu kick me ic ome back]<br>
[13:59] &lt;tenkei&gt; or join #1,000<br>
[14:00] &lt;Gordon&gt; why?<br>
[14:00] &lt;tenkei&gt; so i can kick your ass<br>
[14:00] * Gordon laughs his head off<br>
[14:00] * Gordon is dead<br>
[14:00] * Gordon looks for his head<br>
[14:00] * Gordon finds it under the sofa<br>
[14:00] *** Gordon was kicked by Sonny_G_bot (flood)<br>
[14:00] *** Gordon (dgdf@146.115.87.232) has joined #half-life<br>
[14:01] &lt;Gordon&gt; so............................................................................................<br>
[14:01] &lt;HL2001&gt; good one Sonny_G<br>
[14:01] &lt;Gordon&gt; what is good?<br>
[14:01] &lt;HL2001&gt; sonny_g just told us this hilarious joke<br>
[14:01] &lt;Gordon&gt; that im back?<br>
[14:01] &lt;Gordon&gt; oh...<br>
[14:01] &lt;HL2001&gt; you shoulda been there<br>
[14:01] &lt;HL2001&gt; sonny_g is so funny<br>
[14:01] &lt;Gordon&gt; tell me<br>
[14:01] &lt;Gordon&gt; tplease<br>
[14:01] &lt;Gordon&gt; please<br>
[14:01] &lt;Gordon&gt; what joke!&gt;<br>
[14:01] *** Gordon was kicked by Sonny_G_bot (flood)<br>
[14:01] *** Gordon (dgdf@146.115.87.232) has joined #half-life<br>
[14:01] &lt;tenkei&gt; yay, i fixed my site<br>
[14:02] &lt;HL2001&gt; where<br>
[14:02] &lt;Gordon&gt; tell me funny joke<br>
[14:02] &lt;tenkei&gt; www.designanarchy.nu<br>
[14:02] &lt;Gordon&gt; ill visit<br>
[14:02] &lt;tenkei&gt; don&#39;t<br>
[14:02] &lt;Gordon&gt; what nu stand for<br>
[14:02] &lt;Gordon&gt; ?<br>
[14:02] &lt;tenkei&gt; Not U<br>
[14:02] &lt;HL2001&gt; tenkei- is Rhino3d better than 3dsmax?<br>
[14:03] &lt;Gordon&gt; great site<br>
[14:03] &lt;QID|YDL&gt; Gordon: if you visit that site it&#39;ll reformat your hard drive<br>
[14:03] &lt;Gordon&gt; but not better than mine<br>
[14:03] &lt;tenkei&gt; i have no fucking idea, i do 2D not 3D<br>
[14:03] &lt;HL2001&gt; damnit<br>
[14:03] &lt;Gordon&gt; too late<br>
[14:03] &lt;QID|YDL&gt; Gordon: your site sucks monkey nuts<br>
[14:03] &lt;Gordon&gt; go ahead and try<br>
[14:03] &lt;Gordon&gt; not my pc<br>
[14:03] &lt;Gordon&gt; so i dont care<br>
[14:03] &lt;Gordon&gt; im waitin<br>
[14:03] *** Gordon was kicked by Sonny_G_bot (flood)<br>
[14:04] *** Gordon (dgdf@146.115.87.232) has joined #half-life<br>
[14:04] &lt;Gordon&gt; oh no!<br>
[14:04] &lt;Gordon&gt; my hd is reformatted<br>
[14:04] &lt;Gordon&gt; help!<br>
[14:04] &lt;Gordon&gt; waht shath i do!?<br>
[14:04] *** Gordon was kicked by Sonny_G_bot (flood)<br>
[14:04] *** Gordon (dgdf@146.115.87.232) has joined #half-life<br>
[14:04] &lt;Gordon&gt; yawn!<br>
[14:04] &lt;Gordon&gt; borin<br>
[14:04] &lt;QID|YDL&gt; Gordon: type /exit<br>
[14:04] &lt;HL2001&gt; gordon- I put the joke in a file, type /beep 300 to read the file<br>
[14:04] &lt;Gordon&gt; u wish<br>
[14:05] * Gordon is not THAT stupid<br>
[14:05] &lt;HL2001&gt; or is he...<br>
[14:05] &lt;Gordon&gt; \exit<br>
[14:05] &lt;Gordon&gt; whoops<br>
[14:05] &lt;Gordon&gt; just plain stupid<br>
[14:05] &lt;Gordon&gt; not 100%<br>
[14:05] *** Gordon was kicked by Sonny_G_bot (flood)<br>
[14:05] *** Gordon (dgdf@146.115.87.232) has joined #half-life<br>
[14:05] &lt;Gordon&gt; :-)<br>
[14:05] &lt;Gordon&gt; :-&gt;<br>
[14:06] &lt;Gordon&gt; }:-&gt;<br>
[14:06] &lt;Gordon&gt; i feel devlish<br>
[14:06] *** Gordon was kicked by Sonny_G_bot (flood)<br>
[14:06] *** Gordon (dgdf@146.115.87.232) has joined #half-life<br>
[14:06] &lt;Gordon&gt; aint ya bored<br>
[14:06] &lt;Gordon&gt; i typed beep 300<br>
[14:06] &lt;Gordon&gt; didnt work<br>
[14:06] &lt;Gordon&gt; havin fun?<br>
[14:06] *** Gordon was kicked by Sonny_G_bot (flood)<br>
[14:06] *** Gordon (dgdf@146.115.87.232) has joined #half-life<br>
[14:06] &lt;Gordon&gt; &#39;n&#39; back again<br>
[14:06] &lt;Gordon&gt; i wanna be molested<br>
[14:07] *** BRiNGER (bringer@lake1-35.lakeheadu.ca) has joined #half-life<br>
[14:07] *** ChanServ sets mode: +o BRiNGER<br>
[14:08] &lt;Gordon&gt; still aint been molested<br>
[14:09] *** deathpain (deathpain@207-8-229-86.usr-2.ppp.talon.net) has joined #half-life<br>
[14:10] * Gordon wonders when adolf christ will come over or when his hd will be formatted<br>
[14:11] * Gordon slaps BRiNGER around a bit with a large trout<br>
[14:11] * Gordon slaps DrDeath around a bit with a large trout<br>
[14:11] * Gordon slaps JimmyCunt around a bit with a large trout<br>
[14:11] *** Gordon was kicked by Sonny_G_bot (flood)<br>
[14:11] *** Gordon (dgdf@146.115.87.232) has joined #half-life<br>
[14:11] * Gordon slaps Sonny_G_bot around a bit with a large trout<br>
[14:11] &lt;Gordon&gt; morons!<br>
[14:11] &lt;Gordon&gt; bastards!<br>
[14:11] *** BRiNGER sets mode: +b *!*dgdf@146.115.87.*<br>
[14:11] *** Gordon was kicked by BRiNGER (&lt;syn&gt; Retard.)<br>
