---
title: warflyr.log
---
[15:32] *** warflyr (ugaagouga@sdn-ar-004coauroP322.dialsprint.net) has joined #half-life<br>
[15:33] &lt;warflyr&gt; i need a group of people to help me out with my mod<br>
[15:34] &lt;HL2001&gt; lol<br>
[15:34] &lt;warflyr&gt; what?<br>
[15:34] &lt;HL2001&gt; nothing<br>
[15:34] &lt;warflyr&gt; i can allmost do it myself<br>
[15:35] &lt;warflyr&gt; but it is taking to long<br>
[15:35] &lt;HL2001&gt; allmost hey?<br>
[15:35] *** ToM_ (~tommy@193.189.183.103) has joined #half-life<br>
[15:35] &lt;warflyr&gt; i just dont know how to Skin and make maps<br>
[15:35] &lt;HL2001&gt; you can model and program?<br>
[15:35] &lt;warflyr&gt; yup<br>
[15:35] &lt;HL2001&gt; thats pretty good<br>
[15:35] &lt;warflyr&gt; ya<br>
[15:35] &lt;Desterado&gt; i can test<br>
[15:36] &lt;warflyr&gt; he he he<br>
[15:36] &lt;Desterado&gt; i can!<br>
[15:36] &lt;Desterado&gt; i got a v3<br>
[15:36] &lt;warflyr&gt; thats the one thing that everyone wants to do<br>
[15:36] &lt;warflyr&gt; i just returned my tnt2 ultra last night<br>
[15:36] *** M|gone is now known as maynard<br>
[15:36] &lt;HL2001&gt; why<br>
[15:36] &lt;Desterado&gt; but you can use my cpu for benchmarking it<br>
[15:37] &lt;warflyr&gt; i needed money<br>
[15:37] &lt;warflyr&gt; i owed my dad 200$ cause he payed for my car to be detailed<br>
[15:37] &lt;warflyr&gt; i have a p3 450<br>
[15:37] &lt;QID|YDL&gt; I have a P2 500<br>
[15:38] &lt;warflyr&gt; lol<br>
[15:38] &lt;warflyr&gt; overclock?<br>
[15:38] &lt;QID|YDL&gt; yeah<br>
[15:38] &lt;QID|YDL&gt; been using it for at least 6 months now<br>
[15:38] &lt;warflyr&gt; theres nothign wrong with overclocking<br>
[15:38] &lt;QID|YDL&gt; I know<br>
[15:38] *** MP3-WantI has quit IRC (mp3man@192.116.233.223) (on join spammur)<br>
[15:38] * [Cecil] is back -[ going to KFC to get some sliced bread - the best thing around, hands down. mmm biscuits ]- gone 16 min 57 s<br>
[15:39] &lt;warflyr&gt; anyways<br>
[15:39] &lt;HL2001&gt; lol<br>
[15:39] &lt;warflyr&gt; anyone want to make maps or skin?<br>
[15:39] &lt;QID|YDL&gt; I used to make maps but I&#39;d need to get an editor<br>
[15:39] &lt;QID|YDL&gt; I&#39;d also need to get a working copy of half-life...<br>
[15:39] &lt;warflyr&gt; maps are easy to make, they just take to much time<br>
[15:40] &lt;warflyr&gt; i make a good weapon model in a day<br>
[15:40] &lt;warflyr&gt; this mod has lots of weapons, so<br>
[15:41] &lt;warflyr&gt; im getting all the sounds from rainbow6<br>
[15:41] &lt;maynard&gt; that&#39;s.. not legal<br>
[15:42] &lt;@[Cecil]&gt; soundhaqqer<br>
[15:42] &lt;warflyr&gt; ol<br>
[15:42] &lt;warflyr&gt; lol<br>
[15:42] &lt;warflyr&gt; its not illegal<br>
[15:42] &lt;@[Cecil]&gt; well<br>
[15:42] &lt;@[Cecil]&gt; maybe not by itself<br>
[15:42] &lt;@[Cecil]&gt; but the fact that you warezed the game in the first place makes it all the more illegal<br>
[15:42] &lt;warflyr&gt; im getting it from Nato Mod vs2, which isnt copyrighted!<br>
[15:43] &lt;warflyr&gt; i warezed what game?<br>
[15:43] &lt;@[Cecil]&gt; i dunno<br>
[15:43] &lt;QID|YDL&gt; buy the guns and record you shooting them<br>
[15:43] &lt;@[Cecil]&gt; what game are we talking about?<br>
[15:43] &lt;maynard&gt; you warezed rainbow6?<br>
[15:43] &lt;@[Cecil]&gt; oh<br>
[15:43] &lt;warflyr&gt; why do you say i warezed it?<br>
[15:43] &lt;tenkei&gt; joo warez0r<br>
[15:43] &lt;@[Cecil]&gt; they&#39;d have to pay me to warez rainbow 6<br>
[15:43] &lt;tenkei&gt; bad, bad, evil warez0r<br>
[15:44] &lt;warflyr&gt; i didnt warez rainbow6<br>
[15:44] &lt;@[Cecil]&gt; save it for the judge<br>
[15:44] &lt;maynard&gt; you just said you did<br>
[15:44] &lt;Rafter&gt; r6 sucks<br>
[15:44] &lt;warflyr&gt; i ISOed it<br>
[15:44] &lt;QID|YDL&gt; WAREZ0R<br>
[15:44] &lt;@[Cecil]&gt; that&#39;s stealing<br>
[15:44] &lt;maynard&gt; [15:40] &lt;warflyr&gt; i warezed rainbow6<br>
[15:44] &lt;@[Cecil]&gt; yup<br>
[15:44] &lt;maynard&gt; i have the log<br>
[15:44] &lt;warflyr&gt; lol<br>
[15:44] &lt;warflyr&gt; aight<br>
[15:44] &lt;warflyr&gt; im gone then<br>
[15:44] &lt;QID|YDL&gt; maynard: your clock is off<br>
[15:45] &lt;maynard&gt; hehe<br>
[15:45] &lt;maynard&gt; LIES<br>
[15:45] &lt;QID|YDL&gt; by about 8 minutes<br>
[15:45] &lt;@[Cecil]&gt; [15:42] &lt;warflyr&gt; i warezed rainbow6<br>
[15:45] &lt;warflyr&gt; [13:53] &lt;[Cecil]&gt; I Fucked my dog last night!<br>
[15:45] &lt;B-T-K&gt; ...<br>
[15:45] &lt;B-T-K&gt; i believe it.<br>
[15:45] &lt;QID|YDL&gt; warflyr: your clock is waaaay off<br>
[15:46] *** LordBuRN (blah@cc208147-a.avnl1.nj.home.com) has joined #half-life<br>
[15:46] *** LordBuRN has quit IRC (blah@cc208147-a.avnl1.nj.home.com) (Wishing you were here with me.. When i look into your eyes i dont&#39; see, the love we once had, is it gone or is it me?)<br>
[15:46] &lt;@[Cecil]&gt; wow<br>
[15:46] &lt;@[Cecil]&gt; you still have that old log?<br>
[15:46] &lt;QID|YDL&gt; whoever that was, he sucked<br>
[15:46] &lt;@[Cecil]&gt; [13:53] &lt;[Cecil]&gt; I had to borrow an extra roll of duct tape from the neighbors!<br>
[15:47] &lt;@[Cecil]&gt; [13:54] &lt;warflyr&gt; holy shit, I wish I could do that<br>
[15:47] &lt;maynard&gt; hahaha<br>
[15:47] &lt;@[Cecil]&gt; [13:54] *** Quits: warflyr (Killed (DrDeath (jaja dogfucker warezer))<br>
[15:47] &lt;warflyr&gt; im leaving<br>
[15:47] &lt;B-T-K&gt; we&#39;re waiting.<br>
[15:47] &lt;warflyr&gt; warez isnt bad<br>
[15:48] &lt;QID|YDL&gt; yes it is<br>
[15:48] &lt;@[Cecil]&gt; um<br>
[15:48] &lt;@[Cecil]&gt; Yeah it is<br>
[15:48] &lt;@[Cecil]&gt; warezer<br>
[15:48] &lt;QID|YDL&gt; you may leave now<br>
[15:48] &lt;B-T-K&gt; Weren&#39;t you supposed to leave?<br>
[15:48] &lt;B-T-K&gt; heh<br>
[15:48] *** warflyr has quit IRC (ugaagouga@sdn-ar-004coauroP322.dialsprint.net) (If warez WAS bad, id have to be a store theif)<br>
