---
title: blackknight.log
---
[00:52] *** Jherax (jherax@ridg-cas8-cs-14.dial.bright.net) has joined #gloom<br>
[00:52] *** ChanServ sets mode: +o Jherax<br>
[00:52] &lt;@Jherax&gt; umm<br>
[00:52] &lt;@Jherax&gt; why is ruby opped?<br>
[00:53] &lt;QID|YDL&gt; because<br>
[00:53] &lt;BlackKnight&gt; Ruby-Pr0n is over.<br>
[00:53] &lt;@Jherax&gt; no offense ruby..<br>
[00:53] &lt;QID|YDL&gt; she 0wns<br>
[00:53] &lt;JeSteR&gt; FP is gonna rock<br>
[00:53] &lt;BlackKnight&gt; SHE KICKS!<br>
[00:53] &lt;BlackKnight&gt; FP?<br>
[00:53] &lt;QID|YDL&gt; Jherax: everyone wants ruby opped<br>
[00:53] &lt;@Jherax&gt; well<br>
[00:53] *** Jherax sets mode: -o RubyRiot<br>
[00:53] &lt;@Jherax&gt; im sorry<br>
[00:53] &lt;BlackKnight&gt; Hey<br>
[00:53] &lt;QID|YDL&gt; !!!<br>
[00:53] &lt;QID|YDL&gt; wtf<br>
[00:53] &lt;RubyRiot&gt; I HATE FINAL HOUR!!!!!!!!!!!!!!!!!!!!!!!!!!<br>
[00:53] &lt;BlackKnight&gt; Ruby take Jherax in the back and make him feel at home...<br>
[00:53] &lt;@Jherax&gt; hey guys<br>
[00:53] &lt;@Jherax&gt; its policy...<br>
[00:54] &lt;BlackKnight&gt; Policy this, I&#39;m boycotting RXN and Gloom!<br>
[00:54] &lt;BlackKnight&gt; I&#39;m gettin me Johnny Cochran<br>
[00:54] &lt;QID|YDL&gt; I can&#39;t remember a single instance of policy making something better<br>
[00:54] &lt;QID|YDL&gt; that could be because my memory sucks<br>
[00:54] &lt;@Jherax&gt; heh<br>
[00:54] &lt;BlackKnight&gt; What do you say to that Jherax?<br>
[00:54] &lt;QID|YDL&gt; I need something to drink<br>
[00:55] &lt;@Jherax&gt; BK<br>
[00:55] &lt;@Jherax&gt; i really care less<br>
[00:55] &lt;BlackKnight&gt; Well good<br>
[00:55] &lt;BlackKnight&gt; Expect a call tomorrow.<br>
[00:55] &lt;@Jherax&gt; its what&#39;s right<br>
[00:55] *** RubyRiot (Goddess@kenn1209.bossig.com) has left #gloom<br>
[00:55] &lt;JeSteR&gt; I want a beer<br>
[00:55] &lt;BlackKnight&gt; Suck on your mom&#39;s cokc<br>
[00:55] &lt;BlackKnight&gt; cock<br>
[00:55] &lt;JeSteR&gt; huh?<br>
[00:55] &lt;JeSteR&gt; stfu ;P<br>
[00:55] &lt;BlackKnight&gt; In time you won&#39;t be thirsty anymore<br>
[00:55] &lt;BlackKnight&gt; :)<br>
[00:56] &lt;BlackKnight&gt; Well I&#39;m gone<br>
[00:56] &lt;BlackKnight&gt; I&#39;m gonna go call my lawyer.<br>
[00:56] &lt;BlackKnight&gt; And then off to bed, I got a big day tomorrow at City Hall<br>
[00:56] &lt;JeSteR&gt; Why<br>
[00:56] &lt;JeSteR&gt; ?<br>
[00:56] &lt;Reaper-1&gt; what&#39;s up BK?<br>
[00:56] &lt;BlackKnight&gt; I&#39;m sewing RXN for $1 million dollars<br>
[00:56] &lt;JeSteR&gt; Gonna sue the guy that hacked you?<br>
[00:56] &lt;JeSteR&gt; hehe<br>
[00:56] &lt;JeSteR&gt; Really??<br>
[00:56] &lt;BlackKnight&gt; Half will goto Ruby<br>
[00:56] 12:56am Channel information: Ops: 2 (11%) Voice: 1 (6%) Regular: 15 (83%) Total: 18<br>
[00:57] &lt;JeSteR&gt; heh<br>
[00:57] &lt;BlackKnight&gt; Because of feelings being hurt, she needs it.<br>
[00:57] &lt;Reaper-1&gt; writing E:\Quake2\baseq2\maps\gloomr1b.bsp<br>
[00:57] &lt;Reaper-1&gt; ----- Time -----<br>
[00:57] &lt;Reaper-1&gt;  3492 seconds elapsed<br>
[00:57] &lt;Reaper-1&gt; (All the employees at NASA stand up and cheer!)<br>
[00:57] &lt;BlackKnight&gt; the other half goes to me and Johnny Cochran<br>
[00:57] &lt;QID|YDL&gt; the other half will go to me because I&#39;ll hax0r bk&#39;s bank<br>
[00:57] &lt;Reaper-1&gt; =)<br>
[00:57] &lt;BlackKnight&gt; You guys think I&#39;m kidding<br>
[00:57] &lt;JeSteR&gt; lol<br>
[00:57] &lt;JeSteR&gt; nope<br>
[00:57] &lt;JeSteR&gt; I dont.<br>
[00:57] &lt;QID|YDL&gt; johnny&#39;s rich enough<br>
[00:57] &lt;BlackKnight&gt; But when RXN goes down the tubes.<br>
[00:57] &lt;Reaper-1&gt; =)<br>
[00:57] &lt;BlackKnight&gt; You have me to thank/hate<br>
[00:57] &lt;Reaper-1&gt; we&#39;ll be without 1.2<br>
[00:58] &lt;BlackKnight&gt; I&#39;ll wait til 1.2 comes out<br>
[00:58] &lt;Reaper-1&gt; kay<br>
[00:58] &lt;BlackKnight&gt; :)<br>
[00:58] &lt;Reaper-1&gt; then I&#39;ll be happy<br>
[00:58] &lt;@Jherax&gt; no<br>
[00:58] &lt;BlackKnight&gt; We were on the same thought Reap<br>
[00:58] &lt;Dicion&gt; Reaper-1: msg windoe<br>
[00:58] &lt;@Jherax&gt; everyone but BK will get 1.2 :)<br>
[00:58] &lt;BlackKnight&gt; impossible to do.<br>
[00:58] &lt;QID|YDL&gt; &quot;You have the right to an attorney. If you get Johnny Cochran, I&#39;ll kill you!&quot; - Chris Rock, Lethal Weapon 4<br>
[00:58] &lt;BlackKnight&gt; I&#39;ll leach it off of Reap when he&#39;s not looking.<br>
[00:58] &lt;BlackKnight&gt; Ah<br>
[00:58] &lt;BlackKnight&gt; I&#39;ll sew for $1 Billion Dollars<br>
[00:58] &lt;BlackKnight&gt; :)<br>
[00:58] &lt;BlackKnight&gt; And access to v1.2<br>
[00:59] &lt;BlackKnight&gt; :)<br>
[00:59] &lt;BlackKnight&gt; Alrighty...<br>
[00:59] &lt;BlackKnight&gt; I&#39;m set<br>
[00:59] &lt;QID|YDL&gt; BlackKnight: countersuit<br>
[00:59] &lt;QID|YDL&gt; for being annoying<br>
[00:59] &lt;Reaper-1&gt; windoe?<br>
[00:59] &lt;BlackKnight&gt; join #sew-rxn   for more info<br>
[00:59] &lt;Reaper-1&gt; who&#39;s windoe?<br>
[00:59] &lt;JeSteR&gt; hey BK how much does it cost to sew?<br>
[00:59] &lt;QID|YDL&gt; Reaper-1: he meant window<br>
[00:59] &lt;Reaper-1&gt; what&#39;s window?<br>
[00:59] &lt;BlackKnight&gt; This is for real.<br>
[01:00] &lt;Reaper-1&gt; ruby&#39;s a lot more IRC literate than I am<br>
[01:00] &lt;BlackKnight&gt; Depends on the lawyer.<br>
[01:00] &lt;Reaper-1&gt; I just survive with my user friendly lil vIRC<br>
[01:00] &lt;@Jherax&gt; if (clients-&gt;incoming-&gt;name == *BlackKnight*) { kill clients-&gt;incoming }<br>
[01:00] &lt;@Jherax&gt; hehe<br>
[01:00] &lt;BlackKnight&gt; She probably hit Quit by accident?<br>
[01:00] &lt;Reaper-1&gt; no<br>
[01:00] &lt;@Jherax&gt; ill get BC to put that in 4 bk :P<br>
[01:00] &lt;Reaper-1&gt; If you want to blame someone for her leaving<br>
[01:00] &lt;BlackKnight&gt; Quote?<br>
[01:00] &lt;Reaper-1&gt; blame finalhour<br>
[01:00] &lt;Reaper-1&gt; damn I hate that guy<br>
[01:00] &lt;Reaper-1&gt; he used to be cool<br>
[01:00] &lt;Reaper-1&gt; but now...<br>
[01:00] &lt;BlackKnight&gt; Fh is a woman.<br>
[01:01] &lt;JeSteR&gt; is he/she?<br>
[01:01] &lt;BlackKnight&gt; The pimple in my ear is growing!<br>
[01:01] &lt;Reaper-1&gt; He was bitching at me in #clan_ka<br>
[01:01] &lt;BlackKnight&gt; It&#39;s throbbin now!<br>
[01:01] &lt;Reaper-1&gt; logged the whole thing =)<br>
[01:01] &lt;BlackKnight&gt; Ahh, time to pop<br>
[01:01] * BlackKnight *POP*<br>
[01:01] &lt;QID|YDL&gt; if fh is a woman she&#39;s probably a toothless ho<br>
[01:01] &lt;BlackKnight&gt; Shit<br>
[01:01] &lt;BlackKnight&gt; Blood everywhere<br>
[01:01] &lt;BlackKnight&gt; All over the screen<br>
[01:01] &lt;BlackKnight&gt; I&#39;m gonna pass out<br>
[01:01] &lt;QID|YDL&gt; BlackKnight: *CRACKLE SNAP*<br>
[01:01] *** Jherax changes topic to &#39;The GLOOM Official IRC Channel -- www.planetquake.com/rxn/gloom -- [23:05] &lt;Jherax&gt; fh IS a women    &lt;QID|YDL&gt; if fh is a woman she&#39;s probably a toothless ho   [23:05] &lt;finalhour&gt; yea&#39;<br>
[01:01] &lt;BlackKnight&gt; bye for tonight<br>
[01:02] &lt;JeSteR&gt; lol<br>
[01:02] &lt;QID|YDL&gt; heg<br>
[01:02] &lt;@Jherax&gt; heh<br>
[01:02] &lt;JeSteR&gt; Later<br>
[01:02] &lt;@Jherax&gt; its a quote<br>
[01:02] &lt;QID|YDL&gt; BlackKnight: GO<br>
[01:02] *** BlackKnight has quit IRC (gamerzden@209-122-217-188.s188.tnt1.atn.pa.dialup.rcn.com) (I3D.Quit:Leaving)<br>
