---
title: electro.log
---
[14:44] *** electro (mantis_14_@ts01-p14.remote.nfld.com) has joined #half-life<br>
[14:45] &lt;electro&gt; sup all<br>
[14:45] *** wampey (~wampey@ppp-dialup22.sns-access.com) has left #half-life<br>
[14:45] *** Gwags has quit IRC (stump63@000hg195.up.bresnan.net) (Quit: Leaving)<br>
[14:46] &lt;electro&gt; hello<br>
[14:46] *** Phortos (ledangelo@rduposd1a9.impsat.net.ar) has joined #half-life<br>
[14:46] &lt;electro&gt; do anyone no were i can get a cd emulator<br>
[14:46] &lt;electro&gt; hello<br>
[14:46] &lt;electro&gt; ???<br>
[14:47] &lt;tenkei&gt; so you can play your warezed H-L?<br>
[14:47] &lt;electro&gt; yes<br>
[14:47] &lt;tenkei&gt; ...<br>
[14:47] &lt;Whitey&gt; i don&#39;t think you can<br>
[14:47] &lt;Whitey&gt; without the key<br>
[14:48] &lt;electro&gt; i got a cd but i dont no the cd key and i want to play over the net but i cant with out a cd key so i need a emulator <br>
[14:49] *** Phortos has quit IRC (ledangelo@rduposd1a9.impsat.net.ar) (Quit: Leaving)<br>
[14:49] &lt;electro&gt; you can play without the key when you use the emulator etc my friend lost the emulator and he cant remember were he got it<br>
[14:50] *** Rafter|quasi_afk (ratstink@207-172-221-178.s66.as1.hkt.nj.dialup.rcn.com) has joined #half-life<br>
[14:50] &lt;Hessman|work&gt; the key gen only works for sp<br>
[14:50] &lt;QID|YDL&gt; !panis electro<br>
[14:50] * [Cecil] gives electro a SIZZLING NEW RELIGION!!#*$^ (0)<br>
[14:50] &lt;electro&gt; i got one of them but i want to play over the net<br>
[14:50] *** DrDeath sets mode: +b *!*antis_14_@*.nfld.com<br>
[14:50] *** electro was kicked by DrDeath (warez)<br>
