---
title: globrlebl.log
---
*** GLoBLReBL (gamespy@208-62-185.ipt.aol.com) has joined #QUAKE
<GLoBLReBL> WAZZUP EVERYONE
<GLoBLReBL> HEY, ANYONE IN HERE PLAY QUAKE2???
<GLoBLReBL> ANYONE AT ALL?
<GLoBLReBL> HELLO?
<GLoBLReBL> IS THERE ANYONE IN HERE ALIVE?
<Sportbkr> yes.
<checkas> ahhaah
<GLoBLReBL> WHO HERE PLAYS QUAKE2
<GLoBLReBL> ???????
<GLoBLReBL> I WANT TO PLAY A QUAKE2 GAME AGAINST SOMEONE
<DeadCats> Go back to AOL
<GLoBLReBL> how do you know i am on aol?
<checkas> ahshshhsha
<GLoBLReBL> hahaha shut up
<GLoBLReBL> you all just wait
<GLoBLReBL> i'll be kicking all your buts
<GLoBLReBL> in the games
* DeadCats is waiting...
<GLoBLReBL> i am getting me a T3 line
<M_Python> watch out! he's gonna WinNke us!!!
<DeadCats> ph34r the ass-bandit from AOHell!
<checkas> GLoBLReBL: so you'll be able to connect to aol on a t3? woooo
<GLoBLReBL> no
<GLoBLReBL> i am quiting aol
<GLoBLReBL> and going on aNOTHER SERVERIVE
<GLoBLReBL> SO SCREW YOU
<checkas> I'm afraid its not that easy.. you're always going to be a member of AOL
<GLoBLReBL> YEA RIGHT
<GLoBLReBL> I DON'T EVEN PAY FRO AOL
<GLoBLReBL> I DON'T HAVE A CREDIT CARD
<GLoBLReBL> I JUST CRACK PEOPLES CREDICARDS
<checkas> GLoBLReBL: so when do you turn 12?
<GLoBLReBL> SO I WOULD JUST SHUT UP
<GLoBLReBL> I PAY FRO EVERYTHING BYE FAKE CREDIT CARDS
<M_Python> can we all agree that using a fake credit card to connect to AOL is more retarded than anything on the face of this earth
<checkas> gamespy + aol + 11 year old... hmmmmmmm
<GLoBLReBL> I ONLY HAVE AOL BECAUSE OF THEH WAREZ
<GLoBLReBL> SO ALL YOU SHUT THE >>>> UP
<M_Python> you can swear, or is your mommy in the room giving you a blowjob?
<DeadCats> Yeah, you have AOL 'cause that's what mommy & daddy have, ya runt! ;)
<GLoBLReBL> I DON'T TAKE CHANCES
<GLoBLReBL> SO SHUT THE >>>> UP
<GLoBLReBL> I DON'T SWEAR
<checkas> GLoBLReBL: take your dad's dick out of your mouth then maybe you can spell properly
<GLoBLReBL> I DON'T LIKE IT
<GLoBLReBL> HEY CHECKAS
<PantherX> EYE HAVE 31337 AUTO-CAPS!!! >>>>>
<checkas> HEY WHAT?
<GLoBLReBL> HOW DO YOU GET SOMEONE'S IP ADDRESS FROM THIS THING?
<M_Python> hehe
<M_Python> you type !op
<GLoBLReBL> !op
<checkas> you type /ctcp GLoBLReBL get CHECKAS IP
<GLoBLReBL> CHECKAS IP
<GLoBLReBL> FORGET THIS
<PantherX> Anyone else wanna get in on the sweet warez?  Alt-F4
<GLoBLReBL> I WILL HVE ALL YOUR COMPUTERS BY THE END OF THE WEEK
<GLoBLReBL> SEEZ
*** GLoBLReBL (gamespy@208-62-185.ipt.aol.com) Quit (Leaving)