---
title: gloom_moped.log
---
[21:51] &lt;Sf|QUispy&gt; HAHA<br>
[21:51] &lt;Sf|QUispy&gt; this kid with a moterped crashed in front of my house!<br>
[21:51] &lt;Sf|QUispy&gt; lol<br>
[21:51] &lt;@DarkFox&gt; lol<br>
[21:51] &lt;QID|YDL&gt; I hope the next mod-bash is gonna be here... I made the bot for it and I dun want my stuff on gamesnut<br>
[21:51] &lt;Sf|QUispy&gt; uh oh<br>
[21:52] &lt;Sf|QUispy&gt; hes not moving<br>
[21:52] &lt;Sf|QUispy&gt; oh well<br>
[21:52] &lt;@Dicion&gt; heh<br>
[21:52] &lt;@Dicion&gt; i have so many connections<br>
[21:52] &lt;@DarkFox&gt; heh get the hose out<br>
[21:52] &lt;@DarkFox&gt; and spray him<br>
[21:52] &lt;@DarkFox&gt; he&#39;ll move<br>
[21:52] &lt;QID|YDL&gt; Sf|QUispy: put a sign on him that says &quot;Out of gas&quot;<br>
[21:52] &lt;@Dicion&gt; Who else do you know that has a TAB at a pizza place<br>
[21:52] &lt;Sf|QUispy&gt; i think i will<br>
[21:52] &lt;Sf|QUispy&gt; get off my lawn!<br>
[21:52] &lt;Sf|QUispy&gt; :D<br>
[21:52] &lt;@DarkFox&gt; I&#39;d rather have a tab at best buy or alienware.com<br>
[21:52] &lt;Reaper-1&gt; Dicion: Me... pizza hut actually<br>
[21:52] &lt;@DarkFox&gt; :)<br>
[21:52] &lt;QID|YDL&gt; &quot;move your deadass moped you little bitch&quot;<br>
[21:53] &lt;Sf|QUispy&gt; i think ill steal it<br>
[21:53] &lt;@Dicion&gt; dude<br>
[21:53] &lt;@DarkFox&gt; rofl<br>
[21:53] &lt;@Dicion&gt; is he dead?<br>
[21:53] &lt;QID|YDL&gt; hehehe<br>
[21:53] &lt;Sf|QUispy&gt; i just think hes unconincousslej;gfasg<br>
[21:53] &lt;Reaper-1&gt; oh<br>
[21:53] &lt;@Dicion&gt; get offline<br>
[21:53] &lt;@Dicion&gt; and call 911 :P<br>
[21:53] &lt;@Dicion&gt; hhee<br>
[21:53] &lt;Sf|QUispy&gt; ill just say i didnt see him<br>
[21:53] &lt;QID|YDL&gt; I wish this fucking ide controller card would work... I wanna install openlinux<br>
[21:53] &lt;Reaper-1&gt; now THAT&#39;S a net addict<br>
[21:53] &lt;Sf|QUispy&gt; hey little kid!!<br>
[21:53] &lt;Sf|QUispy&gt; get up<br>
[21:53] * Dicion is gone... Fewd (l/on p/on)<br>
[21:53] *** Dicion is now known as Dici|away<br>
[21:53] &lt;Sf|QUispy&gt; :)<br>
[21:53] &lt;Reaper-1&gt; ask if he&#39;s in pain<br>
[21:53] &lt;@Dici|away&gt; I CANT CALL 911!<br>
[21:54] &lt;@Dici|away&gt; I&#39;M ONLINE!<br>
[21:54] &lt;Reaper-1&gt; if he says yes<br>
[21:54] &lt;Reaper-1&gt; shoot him<br>
[21:54] &lt;Sf|QUispy&gt; hehe<br>
[21:54] &lt;@Dici|away&gt; DOWNLOADING mp3&#39;s<br>
[21:54] &lt;Reaper-1&gt; i mean put him out of his memory...<br>
[21:54] &lt;Sf|QUispy&gt; end his misery<br>
[21:54] &lt;Reaper-1&gt; misery<br>
[21:54] &lt;Reaper-1&gt; goddamnit<br>
[21:54] &lt;Sf|QUispy&gt; :}<br>
[21:54] &lt;Sf|QUispy&gt; do you believe in god?<br>
[21:54] &lt;Sf|QUispy&gt; yes..<br>
[21:54] &lt;Sf|QUispy&gt; well you are gonna meet him<br>
[21:54] &lt;Sf|QUispy&gt; BLAM!<br>
[21:54] &lt;Reaper-1&gt; &quot;Hey kid how much money you got on you?&quot;<br>
[21:55] &lt;Reaper-1&gt; &quot;Yeah yeah come in come in... so 400 bucks you say?&quot;<br>
[21:55] &lt;Sf|QUispy&gt; ill just sell his moped<br>
[21:55] 9:55pm Channel information: Ops: 3(19%) Non Ops: 13(81%) Total: 16<br>
[21:55] &lt;Sf|QUispy&gt; hmm<br>
[21:55] &lt;Reaper-1&gt; &quot;Well here before we take you to the hospital let me show you my knife collection&quot;<br>
[21:55] &lt;Sf|QUispy&gt; he hasnt moved yet.<br>
[21:55] &lt;Sf|QUispy&gt; i think hes unconcious<br>
[21:55] &lt;Reaper-1&gt; &quot;Look at this little beaute, never had anyone&#39;s finger prints on it...&quot;<br>
[21:55] &lt;Sf|QUispy&gt; i know hes not dead cos he was going slow<br>
[21:56] &lt;Reaper-1&gt; never know with a moped<br>
[21:56] &lt;Reaper-1&gt; it could explode at any minute<br>
[21:56] &lt;Sf|QUispy&gt; i think ill yell at him<br>
[21:56] &lt;Sf|QUispy&gt; shit i better hose the moped down<br>
[21:56] &lt;QID|YDL&gt; shoot the gas tank... say it caught fire<br>
[21:56] &lt;Sf|QUispy&gt; dont want that thing exploding in front of my house<br>
[21:56] &lt;Reaper-1&gt; get his wallet first<br>
[21:56] &lt;DevilWarrior&gt; back<br>
[21:56] &lt;QID|YDL&gt; this is gonna make a fun log<br>
[21:56] &lt;Sf|QUispy&gt; eek<br>
[21:56] &lt;Sf|QUispy&gt; hes getting up!<br>
[21:56] &lt;DevilWarrior&gt; I bet my map is gonna have high r_speeds...<br>
[21:57] &lt;Reaper-1&gt; SF<br>
[21:57] &lt;DevilWarrior&gt; Unless....<br>
[21:57] &lt;Reaper-1&gt; go hit him with a 2byfour!<br>
[21:57] &lt;Sf|QUispy&gt; i will<br>
[21:57] &lt;DevilWarrior&gt; I will!<br>
[21:57] &lt;Reaper-1&gt; then see if he&#39;s got any money!<br>
[21:57] &lt;QID|YDL&gt; lead pipe<br>
[21:57] *** DevilWarrior is now known as DevilWarrior|Sleeping<br>
[21:57] &lt;Sf|QUispy&gt; geez<br>
[21:57] &lt;Sf|QUispy&gt; all these gloom servers have that yellow dot by it<br>
[21:57] &lt;Sf|QUispy&gt; what do those mean?<br>
[21:57] &lt;Reaper-1&gt; SF<br>
[21:57] &lt;Reaper-1&gt; there&#39;s more important things going on right now<br>
[21:58] &lt;QID|YDL&gt; Sf|QUispy: it means they SUCK<br>
[21:58] &lt;Sf|QUispy&gt; such as?<br>
[21:58] &lt;Reaper-1&gt; here you are worrying about something as small as a gloom game<br>
[21:58] &lt;Reaper-1&gt; when you COULD be robbing a guy!<br>
[21:58] &lt;Sf|QUispy&gt; dude he got up<br>
[21:58] &lt;QID|YDL&gt; what&#39;s he doing?<br>
[21:58] &lt;Reaper-1&gt; HIT HIM!<br>
[21:58] &lt;Sf|QUispy&gt; hes a little boy<br>
[21:58] &lt;Sf|QUispy&gt; he wouldnt carry money!<br>
[21:58] &lt;Reaper-1&gt; ...<br>
[21:58] &lt;Sf|QUispy&gt; hes gone right now<br>
[21:58] *** Sul has quit IRC (Sul_ANM@dialin-83075.ewetel.net) (.Quit:)<br>
[21:58] &lt;Reaper-1&gt; I thought we were friends man...<br>
[21:58] &lt;Sf|QUispy&gt; hes riding a bike now<br>
[21:58] &lt;QID|YDL&gt; steal him and sell him as a slave<br>
[21:58] &lt;Sf|QUispy&gt; a regular no engine bike<br>
[21:58] &lt;Sf|QUispy&gt; ehhe<br>
[21:58] &lt;Reaper-1&gt; you&#39;d think you&#39;d kill the guy for me if I was your friend...<br>
