---
title: gloom_with_aliens_and_weird_stuff.log
---
[22:15] * Grytviken glares at jay soo hard his head explodes, grytviken has passed away<br>
[22:15] &lt;Kami&gt; WOOHOO!<br>
[22:15] &lt;Grytviken&gt; screenshot taken<br>
[22:15] &lt;Cyban[HW]&gt; actually, i think DS and Lifer have a bitch to bitch relationship<br>
[22:15] &lt;Jay&gt; Hmm......remind me to say OUCH later.<br>
[22:15] &lt;Grytviken&gt; How dramamtical<br>
[22:15] &lt;ThePyro&gt; q2info onecall??<br>
[22:15] &lt;+bitch&gt; Server:216.37.2.25:27910 Game:gloom Players:14/0 Map:gloom4 Ping:78<br>
[22:15] &lt;Stinger&gt; LOVE ME!!!<br>
[22:16] * Grytviken loves stinger<br>
[22:16] &lt;Stinger&gt; WORSHIP PENIS!!!<br>
[22:16] *** FireBlade (tim@el02-24-131-161-75.ce.mediaone.net) Quit (Connection reset by peer)<br>
[22:16] * Grytviken bows<br>
[22:16] &lt;Grytviken&gt; his majesty has arrived<br>
[22:16] *** Stinger is now known as Cyclops<br>
[22:16] &lt;Cyclops&gt; Grunt<br>
[22:16] &lt;Cyban[HW]&gt; spit<br>
[22:16] *** Grytviken is now known as Uniclops<br>
[22:16] &lt;ThePyro&gt; Don&#39;t encourage him...<br>
[22:16] *** Jay is now known as Tsurami<br>
[22:16] &lt;Uniclops&gt; hehe<br>
[22:17] *** Uniclops is now known as Unibrow<br>
[22:17] &lt;Cyban[HW]&gt; tsurami?<br>
[22:17] *** ThePyro is now known as Unibomber<br>
[22:17] &lt;Unibrow&gt; BORING!!! THE PYRO IS BOOORING<br>
[22:17] &lt;Tsurami&gt; It takes a little explaining to do about my name<br>
[22:17] *** Unibomber is now known as ThePyro<br>
[22:17] &lt;Unibrow&gt; dont bother<br>
[22:17] *** Cyban[HW] is now known as UniBreast<br>
[22:18] &lt;Unibrow&gt; YES thats what i like to see<br>
[22:18] &lt;Tsurami&gt; Okay good because I dont&#39; want to<br>
[22:18] &lt;UniBreast&gt; im left<br>
[22:18] &lt;Cyclops&gt; Grunt<br>
[22:18] &lt;UniBreast&gt; we lost right in a mammogram accident<br>
[22:18] &lt;Unibrow&gt; OH NO<br>
[22:18] &lt;Unibrow&gt; the mamoragh wouldnt let go<br>
[22:18] &lt;UniBreast&gt; yeah, they may go flat, but they DO pop eventually<br>
[22:19] &lt;Unibrow&gt; ew<br>
[22:19] &lt;Unibrow&gt; so do<br>
[22:19] &lt;Unibrow&gt; BALL<br>
[22:19] &lt;Unibrow&gt; s<br>
[22:19] *** Unibrow is now known as Uniball<br>
[22:19] &lt;Uniball&gt; we lost the left in a car crash<br>
[22:19] &lt;ThePyro&gt; q2info onecall??<br>
[22:19] &lt;+bitch&gt; Server:216.37.2.25:27910 Game:gloom Players:16/0 Map:gloom4 Ping:97<br>
[22:19] &lt;Cyclops&gt; Grunt?<br>
[22:19] &lt;ThePyro&gt; q2info stomped??<br>
[22:19] &lt;+bitch&gt; ERROR (216.17.4.85): No response.<br>
[22:19] &lt;Uniball&gt; ping me??<br>
[22:20] &lt;+bitch&gt; Uniball ping reply: 0.246523976325989secs.<br>
[22:20] &lt;Uniball&gt; bah<br>
[22:20] &lt;ThePyro&gt; oh well, time for bed...<br>
[22:20] *** ThePyro (thepyro@r38h99.res.gatech.edu) Quit (Quit: Leaving)<br>
[22:20] *** Uniball is now known as Unileg<br>
[22:20] &lt;Unileg&gt; SHUT UP BITCH, YOU ONLY GOTS ONE LEG<br>
[22:21] *** Geo|gloom is now known as Geo|away<br>
[22:21] &lt;Unileg&gt; hey geo<br>
[22:21] &lt;Cyclops&gt; Grunt!<br>
[22:21] &lt;Unileg&gt; geo never says hi<br>
[22:21] &lt;Unileg&gt; hey cyclops what shoudl i do?<br>
[22:21] &lt;Ryu|gloom&gt; do I really wanna know?<br>
[22:21] &lt;UniBreast&gt; nope<br>
[22:21] &lt;Cyclops&gt; Grunt grunt grunt grunt WORSHIP PENIS!!! Grunt grunt grunt.<br>
[22:21] *** Ryu|gloom is now known as Ryuenjin<br>
[22:21] &lt;Ryuenjin&gt; k<br>
[22:21] *** Unileg is now known as Unibrow<br>
[22:22] &lt;Unibrow&gt; Thats what I was thinking<br>
[22:22] &lt;UniBreast&gt; guess who i am without dnsing or whoisng or scrolling up or checking logs<br>
[22:22] &lt;Ryuenjin&gt; Cyban<br>
[22:22] &lt;Unibrow&gt; HAHA<br>
[22:22] &lt;UniBreast&gt; nope<br>
[22:22] &lt;Unibrow&gt; and me?<br>
[22:22] &lt;UniBreast&gt; guess again<br>
[22:22] &lt;Unibrow&gt; shut up you uno mamried f00<br>
[22:22] *** UniBreast is now known as Cyban[HW]<br>
[22:22] &lt;Ryuenjin&gt; *** Cyban[HW] is now known as UniBreast<br>
[22:23] &lt;Cyban[HW]&gt; i said without scrolling up<br>
[22:23] &lt;Cyban[HW]&gt; or checking logs<br>
[22:23] &lt;Cyban[HW]&gt; :P<br>
[22:23] &lt;Cyban[HW]&gt; and im not Cyban<br>
[22:23] &lt;Ryuenjin&gt; I saw when I came back<br>
[22:23] &lt;Cyban[HW]&gt; im Cyban[HW]<br>
[22:23] &lt;Cyban[HW]&gt; so :P<br>
[22:23] &lt;Cyclops&gt; Grunt<br>
[22:23] &lt;Unibrow&gt; yes, the back to school version<br>
[22:23] *** Cyclops is now known as Alien_Target<br>
[22:23] &lt;Alien_Target&gt; They are after me...<br>
[22:23] &lt;Unibrow&gt; BAHA<br>
[22:23] &lt;Cyban[HW]&gt; youre too late<br>
[22:23] &lt;Alien_Target&gt; I interupted their cow mutilation and now they&#39;re pissed...<br>
[22:23] &lt;Cyban[HW]&gt; we already have you<br>
[22:23] *** Tsurami (spunko@kirk88.dodgenet.com) has left #gloom<br>
[22:23] &lt;Cyban[HW]&gt; MUWHAHAHA<br>
[22:24] *** Darkiller (d3cay@c546883-a.bdfrd1.tx.home.com) has joined #gloom<br>
[22:24] &lt;+bitch&gt; Pappy-R thinks there are 2 k&#39;s in his name<br>
[22:24] *** Cyban[HW] is now known as Alien<br>
[22:24] &lt;Alien&gt; WE HAVE YOU NOW, STINGER<br>
[22:24] *** Unibrow is now known as AnotherAlien<br>
[22:24] &lt;Alien&gt; you have interfered with our cow experiments long enough<br>
[22:24] *** AnotherAlien is now known as A6thGradeAlien<br>
[22:24] *** FireBlade (tim@el02-24-131-161-75.ce.mediaone.net) has joined #gloom<br>
[22:24] &lt;+bitch&gt; They call him..... TIM!<br>
[22:24] &lt;A6thGradeAlien&gt; Im the most horrible of them all!!!<br>
[22:24] &lt;Alien&gt; we will now subject you to and endless onslaught of cold, sticky, anal probes<br>
[22:25] &lt;A6thGradeAlien&gt; AND WE DONT WASH THOSE PROBES!<br>
[22:25] &lt;Alien&gt; NO<br>
[22:25] &lt;Alien&gt; WE DONT<br>
[22:25] &lt;Alien&gt; even after 6thgradealien uses them on himself<br>
[22:25] &lt;Alien_Target&gt; are you the same aliens I met here? http://www.egodriven.net/aliens/<br>
[22:25] &lt;Alien&gt; but well save that discussion for another time<br>
[22:25] &lt;A6thGradeAlien&gt; YES!!! YES WE WILL<br>
[22:25] &lt;Alien&gt; no<br>
[22:25] &lt;Alien&gt; thats carl<br>
[22:25] &lt;A6thGradeAlien&gt; AND WE MUST TAKE ON OF YOUR BALLS FOR FURTHER TESTING<br>
[22:26] &lt;A6thGradeAlien&gt; YEAH HES NEW<br>
[22:26] *** A6thGradeAlien is now known as Carl<br>
[22:26] &lt;Carl&gt; Sorry guys<br>
[22:26] &lt;Alien&gt; dude, what are you doing here?<br>
[22:26] *** Carl is now known as AnotherAlien<br>
[22:26] &lt;Alien&gt; youre supposed to be posing at the president of the us<br>
[22:26] &lt;Alien_Target&gt; You already have a clone. I&#39;m sure you could make him an anus and have your fun that way<br>
[22:26] *** Geo|away is now known as Geo<br>
[22:26] * Alien twitches<br>
[22:26] &lt;AnotherAlien&gt; HE WAS A CLONE? BUT THAT WAS THE BEST SEX I EVER... UH NEVER MIND<br>
[22:27] &lt;Alien&gt; we need the original<br>
[22:27] &lt;Alien&gt; clones dont suck as go-....i mean.....we need the original because its unflawed<br>
[22:27] *** Geo is now known as Geo|gloo<br>
[22:27] *** Geo|gloo is now known as Geo|gloom<br>
[22:27] &lt;AnotherAlien&gt; He Said We Should Return These If We ever Found You <br>
[22:27] * Reino slaps both aliens<br>
[22:27] * AnotherAlien hands stinger a pair of pants<br>
[22:27] &lt;Alien&gt; ITS THE RED DOOR!!!<br>
[22:28] &lt;Alien&gt; we get cable up here, just in case you were wondering, im watching CC<br>
[22:28] &lt;Alien_Target&gt; The clone doesn&#39;t have a penis...<br>
[22:28] &lt;Alien&gt; or an anus<br>
[22:28] &lt;AnotherAlien&gt; But he has a mouth<br>
[22:28] &lt;Alien_Target&gt; exactly<br>
[22:28] &lt;Alien&gt; carl, anotheralien, did you try to sex him up?<br>
[22:28] &lt;Alien_Target&gt; there is a video of the abduction...<br>
[22:28] &lt;Alien_Target&gt; http://www.egodriven.net/aliens/abduct.htm<br>
[22:28] *** Geo|gloom is now known as Geo<br>
[22:29] * AnotherAlien proceeds to see<br>
[22:29] &lt;AnotherAlien&gt; I saw it before<br>
[22:29] &lt;Alien_Target&gt; ah<br>
[22:29] *** AnotherAlien is now known as Grytviken<br>
[22:29] &lt;Grytviken&gt; HI GEO!!!!<br>
[22:29] *** Grytviken is now known as AnotherAlien<br>
[22:29] * Alien abducts the Alien_Target<br>
[22:29] &lt;Alien&gt; OH<br>
[22:29] *** Moojr (moojr@adsl-gte-la-216-86-200-32.mminternet.com) has joined #gloom<br>
[22:29] &lt;Alien&gt; Whose line is it anyway is oN!!!!!<br>
[22:30] &lt;Alien&gt; we love this show<br>
[22:30] * AnotherAlien the aliens leave the planet with the target<br>
[22:30] &lt;Alien&gt; cept for carl<br>
[22:30] &lt;Alien&gt; he is obsessed with porn<br>
[22:30] &lt;AnotherAlien&gt; Yeah carl is gay i think<br>
[22:30] &lt;Alien&gt; and *shudder* earth porn, no less<br>
[22:30] &lt;Alien&gt; he spent the most time with the clone<br>
[22:30] &lt;Geo&gt; hi drytvken<br>
[22:30] &lt;AnotherAlien&gt; *double shudder* gay porn<br>
[22:30] *** AnotherAlien is now known as Grytviken<br>
[22:30] &lt;Alien&gt; he says he was strength training the clone<br>
[22:30] *** Reino (Reino@tnt-1-330-56k.ironton.zoomnet.net) Quit (Killed (NickServ (GHOST command used by Kermit-Away)))<br>
[22:30] &lt;Grytviken&gt; A blessing from geometric!<br>
[22:31] *** FireBlade (tim@el02-24-131-161-75.ce.mediaone.net) Quit (Quit: Enter Super Egotistic Message here)<br>
[22:31] &lt;Geo&gt; :)<br>
[22:31] &lt;Alien&gt; but the clones forarms were the only area that was stronger<br>
[22:31] * Grytviken dies<br>
[22:31] *** Moojr (moojr@adsl-gte-la-216-86-200-32.mminternet.com) Quit (Quit: Leaving)<br>
[22:31] * Grytviken it seems only a kiss will wake him up from his eternal slumber<br>
[22:31] &lt;Geo&gt; lol<br>
[22:31] *** Geo is now known as Geo|ra3<br>
[22:32] &lt;Ryuenjin&gt; :(<br>
[22:32] * Grytviken ;from the dead; EH EH!! somebody kiss me!<br>
[22:32] &lt;Grytviken&gt; Ryu, be brave<br>
[22:32] &lt;Ryuenjin&gt; I don<br>
[22:32] &lt;Ryuenjin&gt; err<br>
[22:32] &lt;Ryuenjin&gt; I don&#39;t know what I&#39;ll do without your gryt<br>
[22:32] * Ryuenjin smothers Grytviken in kisses.<br>
[22:33] * Grytviken lives again<br>
[22:33] &lt;Grytviken&gt; thanks<br>
[22:33] *** Alien is now known as Cyban<br>
[22:33] * Grytviken presues Geo<br>
[22:33] * Ryuenjin realizes that gryt was lying and was never dead<br>
[22:33] * Ryuenjin runs<br>
[22:33] &lt;Grytviken&gt; lol<br>
[22:33] *** Grytviken is now known as Gryt{GeoHunting<br>
[22:33] &lt;Ryuenjin&gt; lol<br>
[22:33] &lt;Gryt{GeoHunting&gt; Here kitty kitty kitty<br>
[22:33] *** Fella (sginsons@islandtelecom30-230.islandtelecom.com) Quit (Quit: Leaving)<br>
[22:34] &lt;Ryuenjin&gt; she&#39;s mine bitch<br>
[22:34] &lt;Gryt{GeoHunting&gt; What deos she eat?<br>
[22:34] * Ryuenjin whips out his quad damaged rail gun<br>
[22:34] * Gryt{GeoHunting hides<br>
[22:34] &lt;Gryt{GeoHunting&gt; Ryu, if this is about me and who...<br>
[22:34] *** Ryuenjin is now known as Ryu|gryt_hunting<br>
[22:34] &lt;Ryu|gryt_hunting&gt; you&#39;ve done nothing but steal the people I care most about away from me<br>
[22:35] &lt;Ryu|gryt_hunting&gt; it&#39;s time I end this<br>
[22:35] &lt;Gryt{GeoHunting&gt; HALP<br>
[22:35] *** Kami is now known as Kami-Bye<br>
[22:35] *** Kami-Bye (danison@ppp25.mahomet.pdnt.net) Quit (Quit: Leaving)<br>
[22:35] *** Gryt{GeoHunting is now known as Uglyman<br>
[22:35] &lt;Ryu|gryt_hunting&gt; man<br>
[22:35] &lt;Ryu|gryt_hunting&gt; I coulda sworn I saw gryt here a second ago<br>
[22:35] &lt;Ryu|gryt_hunting&gt; ....<br>
[22:35] &lt;Uglyman&gt; aha i am now hidden amougst the ugly people in this forum<br>
[22:35] * Ryu|gryt_hunting notices only a hideously ugly person<br>
[22:36] &lt;Ryu|gryt_hunting&gt; *sigh*<br>
[22:36] &lt;Uglyman&gt; please have mercy on the week<br>
[22:36] &lt;Toji&gt; hehehe<br>
[22:36] * Ryu|gryt_hunting leaves hoping to find gryt<br>
[22:36] &lt;Uglyman&gt; precreation is only part of me<br>
[22:36] &lt;Toji&gt; Ryu|gryt_hunting: gryt is ugly<br>
[22:36] &lt;Ryu|gryt_hunting&gt; oh well<br>
[22:36] *** Ryu|gryt_hunting is now known as Ryu|Toji_hunting<br>
[22:36] &lt;Toji&gt; hey!<br>
[22:36] &lt;Ryu|Toji_hunting&gt; I guess you&#39;ll have to do<br>
[22:36] * Ryu|Toji_hunting takes aim<br>
[22:36] * Toji gives Ryu|Toji_hunting a nice and long massage<br>
[22:36] *** Uglyman is now known as Gryt<br>
[22:36] &lt;Toji&gt; THERE HE IS<br>
[22:37] * Ryu|Toji_hunting places 2 slugs right where toji&#39;s eyes used to be<br>
[22:37] *** Gryt is now known as Gryt{tojiHunting<br>
[22:37] &lt;Ryu|Toji_hunting&gt; that&#39;s for chicka<br>
[22:37] &lt;Gryt{tojiHunting&gt; DAMN!<br>
[22:37] &lt;Gryt{tojiHunting&gt; nice aim<br>
[22:37] &lt;Gryt{tojiHunting&gt; EEP<br>
[22:37] * Gryt{tojiHunting hides<br>
[22:37] &lt;Alien_Target&gt; I&#39;m dead sexy<br>
[22:37] *** Ryu|Toji_hunting is now known as Ryuenjin<br>
[22:37] &lt;Toji&gt; I was hugging him gryt<br>
[22:37] &lt;Toji&gt; not hard to do<br>
[22:37] &lt;Ryuenjin&gt; that&#39;s with a keyboard too<br>
[22:37] &lt;Ryuenjin&gt; ;)<br>
[22:37] * Gryt{tojiHunting declares that the alien target is dead sexy, and great in bed<br>
[22:37] *** Gryt{tojiHunting is now known as Grytviken<br>
[22:38] &lt;Ryuenjin&gt; hmmmm<br>
[22:38] &lt;Ryuenjin&gt; target eh?....<br>
[22:38] &lt;Grytviken&gt; Yep<br>
[22:38] * Ryuenjin takes aim<br>
[22:38] &lt;Grytviken&gt; gees man, UR CRAZY<br>
[22:38] * Ryuenjin places a slug right next to the target&#39;s heart<br>
[22:38] &lt;Ryuenjin&gt; damn<br>
[22:38] &lt;Ryuenjin&gt; missed<br>
[22:38] &lt;Grytviken&gt; Its a feril heart<br>
[22:38] * Ryuenjin replaces one of the target&#39;s testes with a depleted uranium slug<br>
[22:39] &lt;Grytviken&gt; We already took ojne<br>
[22:39] &lt;Grytviken&gt; one<br>
[22:39] &lt;Grytviken&gt; so that makes no more balls<br>
[22:39] &lt;Ryuenjin&gt; *sigh*<br>
[22:39] &lt;Grytviken&gt; for ALienTarget<br>
[22:39] * Ryuenjin turns his attention to Grytviken<br>
[22:39] * Grytviken grabs barbygun<br>
[22:40] * Ryuenjin takes off a piece of Grytviken&#39;s ear<br>
[22:40] &lt;Grytviken&gt; SHIT!<br>
[22:40] &lt;Ryuenjin&gt; man a little to the left<br>
[22:40] * Grytviken shoots himself in the foot<br>
[22:40] &lt;Grytviken&gt; FUCK<br>
[22:40] * Toji caps Ryu and Gryt<br>
[22:40] * Ryuenjin delecatly places a slug right in Grytviken&#39;s left hand<br>
[22:40] &lt;Toji&gt; ah, peace and quiet now<br>
