---
title: gloom_plays_muppets.log
---
[23:06] &lt;Kermit&gt; heh<br>
[23:06] &lt;kami-bye&gt; Yes Yes yes<br>
[23:06] &lt;kami-bye&gt; later guys<br>
[23:06] &lt;[NerV]Raziel&gt; I DONT AVE PARENT HAHAHAFU :P<br>
[23:06] *** Cyban is now known as Miss_Piggy<br>
[23:06] &lt;Kermit&gt; see ya<br>
[23:06] &lt;+Miss_Piggy&gt; KERMIE!!!!!!!<br>
[23:06] *** Veda (Vedacon@MAX3-Port26.Downtown.InfoMagic.NET) Quit (Ping timeout: 180 seconds)<br>
[23:06] &lt;Kermit&gt; eep<br>
[23:06] &lt;kami-bye&gt; Cya Hellbringer.....<br>
[23:06] * +Miss_Piggy tackles kermit<br>
[23:06] &lt;Hell|away&gt; cya<br>
[23:06] &lt;kami-bye&gt; later guys<br>
[23:06] &lt;kami-bye&gt; ill own you tomorrow hell<br>
[23:06] &lt;[NerV]Raziel&gt; bye<br>
[23:06] *** Arklight (eek@sdn-ar-002inindiP275.dialsprint.net) has left #gloom<br>
[23:06] * +Miss_Piggy beats the hell outta kermit<br>
[23:06] &lt;Hell|away&gt; sure u will<br>
[23:06] &lt;kami-bye&gt; Enjoy your night with fella<br>
[23:06] &lt;Hell|away&gt; and the sky will burn<br>
[23:06] *** kami-bye (danison@ppp35.mahomet.pdnt.net) Quit (Quit: Leaving)<br>
[23:06] &lt;+Miss_Piggy&gt; WHERETHEHELLHAVEYOUBEENYOUNOGOODLOWLIFE!?!?<br>
[23:07] &lt;Kermit&gt; staying away from you<br>
[23:07] *** Hell|away is now known as Beeker<br>
[23:07] &lt;Beeker&gt; meep meep<br>
[23:07] *** Norfenstein is now known as Gonzo<br>
[23:07] &lt;Kermit&gt; BEEKER!!!<br>
[23:07] &lt;+Miss_Piggy&gt; hi beekie<br>
[23:07] &lt;Gonzo&gt; ...<br>
[23:07] &lt;Beeker&gt; meep<br>
[23:07] &lt;+Miss_Piggy&gt; hi gonzo<br>
[23:07] &lt;[NerV]Raziel&gt; Gonzo <br>
[23:07] * +Miss_Piggy rubs gonzo&#39;s long...err...nose<br>
[23:07] &lt;+blink&gt; um<br>
[23:07] &lt;[NerV]Raziel&gt; OMG<br>
[23:08] &lt;+blink&gt; WTF IS WITH YOU PEOPLE<br>
[23:08] *** QID|YDL (none@cloaked.buf1.phoenixdsl.net) has joined #gloom<br>
[23:08] &lt;+blink&gt; [QID|YDL] creator of blink, god of mIRC scripting, C++, PHP, and HTML<br>
[23:08] *** ChanServ sets mode: +v QID|YDL<br>
[23:08] &lt;+Miss_Piggy&gt; hi qiddy<br>
[23:08] &lt;[NerV]Raziel&gt; Gonzo long time i dint see im lol<br>
[23:08] &lt;+Miss_Piggy&gt; where is animal?<br>
[23:08] &lt;Kermit&gt; I killed him<br>
[23:08] &lt;Kermit&gt; too annoying<br>
[23:08] &lt;+Miss_Piggy&gt; oh<br>
[23:08] *** Beeker is now known as Animal<br>
[23:08] &lt;[NerV]Raziel&gt; at the zoo<br>
[23:08] &lt;+Miss_Piggy&gt; never liked him anyways<br>
[23:08] &lt;Animal&gt; woa thats regged<br>
[23:08] &lt;+Miss_Piggy&gt; rizzo?<br>
[23:09] &lt;+QID|YDL&gt; hmm, parsing blink&#39;s logs is probably easier than parsing mine, I&#39;ll just have to find out where the hell this began<br>
[23:09] *** Xelfer (lsheradon@el07-24-29-234-17.ce.mediaone.net) has joined #gloom<br>
[23:09] &lt;+blink&gt; [Xelfer] the comics dude<br>
[23:09] &lt;+bitch&gt; This guy plays 52 card pick-up like no other<br>
[23:09] &lt;+Miss_Piggy&gt; whos that?<br>
[23:09] *** Gonzo is now known as Norfenstein<br>
[23:09] &lt;Animal&gt; ANIMAL, ANIMAL, ANIMAL!!!!!<br>
[23:09] &lt;+QID|YDL&gt; Xelfer: THEY&#39;RE PLAYING MUPPETS<br>
[23:09] *** veg (vegeta9990@tnt-1-336-56k.ironton.zoomnet.net) has joined #gloom<br>
[23:09] &lt;+Miss_Piggy&gt; hehe<br>
[23:09] *** Xelfer (lsheradon@el07-24-29-234-17.ce.mediaone.net) Quit (Quit: no thanks)<br>
[23:09] *** Miss_Piggy is now known as Cyban<br>
[23:09] &lt;+QID|YDL&gt; LOL<br>
[23:09] &lt;[NerV]Raziel&gt; Gonza = Norf!?<br>
[23:09] &lt;Kermit&gt; heh<br>
[23:09] &lt;+Cyban&gt; lOL<br>
[23:09] *** Animal is now known as Hellbringer<br>
[23:09] &lt;+QID|YDL&gt; that<br>
[23:09] *** Woooha (woooha@adsl-pool24-149.detroit.mi.ameritech.net) has left #gloom<br>
[23:09] &lt;+QID|YDL&gt; that&#39;s definitely part of the log<br>
