---
title: gloom.log
---
[20:52] &lt;Weakling&gt; finalhour, you are a loathsome botch of scrotum bundles<br>
[20:52] &lt;Weakling&gt; oops<br>
[20:52] &lt;Weakling&gt; hehe polaris has some wierd stuff<br>
[20:52] &lt;finalhour&gt; ?<br>
[20:53] &lt;Weakling&gt; scripts<br>
[20:53] &lt;finalhour&gt; Weakling, you are a gigantic glob of elephants excrement<br>
[20:53] &lt;Weakling&gt; finalhour, You might be a RedNeck if, If the nutcracker was something you did off the high board in high school.<br>
[20:53] &lt;+Lynch_Hung&gt; Weakling, you are a mangled mishmash of elephants excrement<br>
[20:53] &lt;finalhour&gt; Weakling, Uses of an AOL disk, #13. Use multiple disks to create an ideal door stopper.<br>
[20:53] &lt;Weakling&gt; hehe<br>
[20:53] &lt;finalhour&gt; Weakling, you might be an IRC Adict if you refer to rush hour traffic as lagged.<br>
[20:53] &lt;+Lynch_Hung&gt; Weakling, You might be a RedNeck if, Your screen door has no screen.<br>
[20:53] &lt;Weakling&gt; finalhour, it&#39;s really annoying when you Chain yourself to furniture, informing the curious, that you don&#39;t want to fall off &quot;in case of an earthquake.&quot;<br>
[20:53] &lt;finalhour&gt; Weakling, it&#39;s really annoying when you Invite lots of people to other people&#39;s parties.<br>
[20:53] &lt;+Lynch_Hung&gt; Weakling, Yo mama&#39;s so fat if she weighed five more pounds, she could get group insurance!<br>
[20:53] &lt;finalhour&gt; Weakling, Yo mama&#39;s so stupid that she go hit by a parked car.<br>
[20:53] &lt;Weakling&gt; finalhour, Yo mama&#39;s got no fingers talking bout wanted to be with the Pointer sisters<br>
[20:53] &lt;MrGib|GMD&gt; Lynch_Hung your so ugly the family dog would&#39;nt play with you even if you had a pork chop necklace on<br>
[20:53] &lt;+Lynch_Hung&gt; Weakling, you are a abominable conglomeration of horse turd<br>
[20:53] &lt;Weakling&gt; Lynch_Hung, you might be an IRC Adict if you have actually kept up with ten conversations at one time.<br>
[20:53] &lt;finalhour&gt; Weakling, Uses of an AOL disk, #77. Put them in your shirt pocket to make you look smart.<br>
[20:53] &lt;+Lynch_Hung&gt; Sul, Uses of an AOL disk, #71. Dental floss (use actual disk).<br>
[20:54] &lt;Weakling&gt; Lynch_Hung, you are a disgusting piece of greasy dandruff<br>
[20:54] &lt;+Lynch_Hung&gt; MrGib|GMD, you are a humungous shovel-load of earwax scrapings<br>
[20:54] &lt;finalhour&gt; Weakling, Uses of an AOL disk, #23. Use them for karate board-breaking demonstrations (save a tree).<br>
[20:54] &lt;Weakling&gt; finalhour, You might be a RedNeck if, Your wife has ever burned out an electric razor.<br>
[20:54] &lt;MrGib|GMD&gt; Ya know something Lynch_Hung, if stupidity was worth a penny you would be a trillionaire.<br>
[20:54] &lt;+Lynch_Hung&gt; NoLimit[KA], you might be an IRC Adict if you offer the babysitter OPs when you go out for the night.<br>
[20:54] &lt;JexJackL&gt; oi<br>
[20:54] &lt;+Lynch_Hung&gt; HAHA<br>
[20:54] &lt;JexJackL&gt; stop<br>
[20:54] &lt;Weakling&gt; HAHA<br>
[20:54] &lt;JexJackL&gt; bad evils<br>
[20:54] &lt;Weakling&gt; hehehe<br>
[20:54] &lt;MrGib|GMD&gt; finalhour your teeth are so stained they look like a grill from an old Pontiac<br>
[20:54] &lt;finalhour&gt; Weakling, Yo mama&#39;s so dumb she sat on TV &amp; watched the couch<br>
[20:54] &lt;+Lynch_Hung&gt; JexJackL, you are a distasteful cauldron of stomach chunks<br>
[20:54] &lt;JexJackL&gt; o no!<br>
[20:54] &lt;+Lynch_Hung&gt; JexJackL, you are a gross shovel-load of weasel wastings<br>
[20:54] &lt;MrGib|GMD&gt; finalhour if your head were any bigger the goodyear blimp would go out of business<br>
[20:54] &lt;+Lynch_Hung&gt; JexJackL, you are a incredible piece of horse turd<br>
[20:54] &lt;MrGib|GMD&gt; JexJackL your so ugly when you look in the mirror your own relection says &quot; damn someone get a bag!!&quot;<br>
[20:54] &lt;JexJackL&gt; hehe<br>
[20:54] &lt;+Lynch_Hung&gt; finalhour, you are a disgusting puddle of bed lice<br>
[20:54] &lt;finalhour&gt; MrGib|GMD, Yo family&#39;s so black when they hold hands look like a stretch limo<br>
[20:54] &lt;Weakling&gt; haha<br>
[20:54] &lt;NoLimit[KA]&gt; lynch you coming?<br>
[20:55] &lt;Weakling&gt; MrGib|GMD, it&#39;s really annoying when you Get to know a friends bookie and place bets for them. Insist on keeping half of any money they win.<br>
[20:55] &lt;finalhour&gt; MrGib|GMD, you are a massive splodge of dogsdinner leftovers<br>
[20:55] &lt;MrGib|GMD&gt; JexJackL your so ugly the family dog would&#39;nt play with you even if you had a pork chop necklace on<br>
[20:55] &lt;MrGib|GMD&gt; JexJackL your so ugly America&#39;s most wanted still will not post your picture<br>
[20:55] &lt;MrGib|GMD&gt; :)<br>
[20:55] &lt;JexJackL&gt; o ya? well...<br>
[20:55] * JexJackL slaps Lynch_Hung around a bit with a large trout<br>
[20:55] &lt;JexJackL&gt; :)<br>
[20:55] &lt;MrGib|GMD&gt; heh<br>
[20:55] &lt;MrGib|GMD&gt; so?<br>
[20:55] &lt;MrGib|GMD&gt; :)<br>
[20:55] &lt;MrGib|GMD&gt; JexJackL your hair is so greasy McDonalds wants to fry potatoes in it.<br>
[20:55] &lt;MrGib|GMD&gt; :)<br>
[20:55] &lt;+Lynch_Hung&gt; JexJackL, you are a disgusting heap of mould fluff<br>
[20:55] &lt;Weakling&gt; haha<br>
[20:55] &lt;JexJackL&gt; ack...gang raping....<br>
[20:55] &lt;JexJackL&gt; nooooooooooo<br>
[20:56] &lt;finalhour&gt; JexJackL, you are a incredible mix of green nose pickings<br>
[20:56] &lt;MrGib|GMD&gt; JexJackL your so ugly even your shadow runs away<br>
[20:56] &lt;Weakling&gt; JexJackL, you are a large mix of mould fluff<br>
[20:56] &lt;finalhour&gt; JexJackL, You might be a RedNeck if, You think the Mountain Men in deliverance were just &quot;Misunderstood&quot;.<br>
[20:56] &lt;Weakling&gt; JexJackL, you are a contaminated build-up of tadpole entrails<br>
[20:56] &lt;QID|YDL&gt; if you guys keep this up I&#39;m gonna have to break out pescibot<br>
[20:56] &lt;finalhour&gt; JexJackL, it&#39;s really annoying when you Ask girls if you may &quot;Connect in a physical level&quot; with them.<br>
[20:56] &lt;MrGib|GMD&gt; JexJackL your so ugly if ugly was an award you would win first second AND third place hands down.<br>
[20:56] &lt;finalhour&gt; JexJackL, you might be an IRC Adict if you go to #CyberSex when you are horny.<br>
[20:56] &lt;Weakling&gt; hehe<br>
[20:56] &lt;+Lynch_Hung&gt; JexJackL, You might be a RedNeck if, If your dad walks you to school because your in the same grade.<br>
[20:56] &lt;finalhour&gt; JexJackL, you might be an IRC Adict if you offer the babysitter OPs when you go out for the night.<br>
[20:56] &lt;Weakling&gt; JexJackL, Uses of an AOL disk, #38. Refrigerator magnet (glue a magnet to the back).<br>
[20:56] &lt;+Lynch_Hung&gt; JexJackL, you might be an IRC Adict if you&#39;ve ever went to one of those form-submit web page &#39;chats&#39; just to say &quot;You losers don&#39;t even know what IRC is, do you? Huh!? DO YOU!?&quot;<br>
[20:56] &lt;+Lynch_Hung&gt; JexJackL, it&#39;s really annoying when you Learn Morse code, and have conversations with friends in public consisting entirely of &quot;Beeeep Bip Bip Beeeep Bip...&quot;<br>
[20:56] &lt;finalhour&gt; JexJackL, Yo mama&#39;s teeth so rotten when she smiles they look like dice<br>
[20:56] &lt;+Lynch_Hung&gt; JexJackL, You might be a RedNeck if, You consider &quot;Outdoor Life&quot; deep reading.<br>
[20:56] &lt;+Lynch_Hung&gt; JexJackL, Yo mama&#39;s so dumb, she got hit by a cup and told the police that she got mugged.<br>
[20:56] &lt;finalhour&gt; JexJackL, Yo mama&#39;s so tall, she did a back-flip and kicked Jesus in the mouth.<br>
[20:56] &lt;+Lynch_Hung&gt; JexJackL, it&#39;s really annoying when you Construct strange marks to your front lawn and claim that they are &quot;UFO landing marks.&quot;<br>
[20:56] &lt;MrGib|GMD&gt; JexJackL your so dumb when you see a sign that says &quot;say no to crack&quot; it reminds you to pull your pants up.<br>
[20:56] &lt;finalhour&gt; JexJackL, Yo mama&#39;s so poor, she married young just to get the rice!<br>
[20:56] &lt;+Lynch_Hung&gt; JexJackL, you might be an IRC Adict if you join busy channels just to talk to yourself because the scrolling makes you feel better about it somehow.<br>
[20:56] *** QID|YDL is now known as Pesci<br>
[20:56] &lt;+Lynch_Hung&gt; JexJackL, You might be a RedNeck if, Exxon and Conoco have offered you royalties for your hair.<br>
[20:56] &lt;MrGib|GMD&gt; JexJackL your so dumb when you see a sign that says &quot;say no to crack&quot; it reminds you to pull your pants up.<br>
[20:56] &lt;Pesci&gt; dangit<br>
[20:56] &lt;finalhour&gt; JexJackL, Yo mama&#39;s got snakeskin teeth.<br>
[20:56] &lt;Weakling&gt; oh NO<br>
[20:56] &lt;JexJackL&gt;  JexJackL your so dumb when you see a sign that says &quot;say no to crack&quot; it reminds you to pull your pants up........lol<br>
[20:56] &lt;+Lynch_Hung&gt; JexJackL, Yo mama&#39;s so fat every time she wears high heels, she strikes oil.<br>
[20:56] *** Pesci is now known as PesciBot<br>
[20:56] 8:56pm Channel information: Ops: 1 (5%) Voice: 2 (11%) Regular: 16 (84%) Total: 19<br>
[20:56] &lt;Weakling&gt; not a pesci bot!<br>
[20:56] &lt;finalhour&gt; JexJackL, you might be an IRC Adict if you raise your hand in class and say &quot;BRB.&quot;<br>
[20:57] &lt;PesciBot&gt; I&#39;m PesciBot, and whatever you want, PesciBot gets.<br>
[20:57] &lt;MrGib|GMD&gt; jex<br>
[20:57] * PesciBot sticks Dicion&#39;s head in a vice and turns it until his fuckin eyeballs pop out.<br>
[20:57] &lt;MrGib|GMD&gt; you liked that one eh?<br>
[20:57] &lt;MrGib|GMD&gt; :)<br>
[20:57] &lt;PesciBot&gt; What the fuck are you doing phazer? You&#39;re hanging around my fuckin&#39; neck like a vulture, like impending death!<br>
[20:57] &lt;Weakling&gt; hehe<br>
[20:57] * PesciBot stabs that prick {GZ}Blac in the neck with a ball point pen<br>
[20:57] &lt;Weakling&gt; daaaaam<br>
[20:57] * PesciBot and again &amp;@#^*<br>
[20:57] &lt;Weakling&gt; i want this bot<br>
[20:57] * PesciBot again@^&amp;*(!<br>
[20:57] &lt;MrGib|GMD&gt; JexJackL your so dumb when you see a sign that says &quot;say no to crack&quot; it reminds you to pull your pants up.<br>
[20:57] &lt;JexJackL&gt; wow...JackL bashing<br>
[20:57] &lt;MrGib|GMD&gt; :)<br>
[20:57] * PesciBot AND AGAIN #^&amp;@*^&amp;<br>
[20:57] &lt;+Lynch_Hung&gt; MrGib|GMD, you are a gross helping of soiled underwear<br>
[20:57] &lt;MrGib|GMD&gt; heh<br>
[20:57] &lt;+Lynch_Hung&gt; Dengar[G2D], you might be an IRC Adict if you offer the babysitter OPs when you go out for the night.<br>
[20:57] &lt;PesciBot&gt; If you don&#39;t have my money for me, I&#39;ll crack your fucking head in front of everyone in the bank.<br>
[20:57] &lt;PesciBot&gt; That&#39;s my business. That&#39;s what I do.<br>
[20:57] &lt;PesciBot&gt; But guess what? I&#39;ll crack your fucking head again! &#39;Cause I&#39;m fucking stupid! I don&#39;t give a fuck about jail!<br>
[20:57] &lt;+Lynch_Hung&gt; PesciBot, you are a mucky mess of stomach chunks<br>
[20:57] &lt;PesciBot&gt; And just about the time I get out of jail, hopefully, you&#39;ll be coming out of your coma.<br>
[20:57] &lt;JexJackL&gt; you might be an IRC Adict if you offer the babysitter OPs when you go out for the night. hehehehehehe<br>
[20:57] &lt;PesciBot&gt; You like to renegotiate as you go along. Well here&#39;s my counter offer... do I have to kill you?<br>
[20:57] &lt;Weakling&gt; PesciBot, Yo mama&#39;s so ugly I took her to the zoo, guy at the door said &quot;thanks for bringing her back<br>
[20:57] &lt;PesciBot&gt; What if I were just to kick the ever loving shit out of you?<br>
[20:57] &lt;Weakling&gt; PesciBot, You might be a RedNeck if, When you run out of gas, you put gin in the gas tank.<br>
[20:57] &lt;PesciBot&gt; In my dreams? Oh no no... in reality.<br>
[20:58] &lt;Weakling&gt; PesciBot, you might be an IRC Adict if someone at work tells you a joke, and you say &quot;LOL!&quot;<br>
[20:58] &lt;PesciBot&gt; If I kick the shit out of you, do I get the money?<br>
[20:58] &lt;Weakling&gt; PesciBot, you might be an IRC Adict if you don&#39;t know your girlfriend&#39;s first name.<br>
[20:58] &lt;PesciBot&gt; If a guy fuckin&#39; slipped on a fuckin&#39; banana peel, they blamed me.<br>
[20:58] &lt;PesciBot&gt; The coppers blamed me for every little thing out here, and I mean every little fuckin&#39; thing.<br>
[20:58] &lt;Weakling&gt; PesciBot, you might be an IRC Adict if you find yourself wishing that bitch there were on IRC so you could flood her.<br>
[20:58] * PesciBot gets hit in the head with a paint can<br>
[20:58] *** Dengar[G2D] has quit IRC (harse@212.49.20.-11637) (Ping timeout)<br>
[20:58] &lt;PesciBot&gt; When it looked like they could get twenty-five years to life in prison just for skimming a casino, sick or no fuckin&#39; sick you knew people were going to get clipped.<br>
[20:58] &lt;+DevilWarrior&gt; stop trhat<br>
[20:58] &lt;PesciBot&gt; &amp;?$&quot;*?@!<br>
[20:59] &lt;+Lynch_Hung&gt; DevilWarrior, you are a putrid manifestation of owls food balls<br>
[20:59] * PesciBot hits mirc<br>
[20:59] &lt;+DevilWarrior&gt; Cool.<br>
[20:59] &lt;PesciBot&gt; ergh... there we go<br>
[20:59] &lt;+DevilWarrior&gt; Thanks Lynch.<br>
[20:59] * PesciBot stabs that prick {GZ}Blac in the neck with a ball point pen<br>
[20:59] * PesciBot and again &amp;@#^*<br>
[20:59] &lt;PesciBot&gt; !<br>
[20:59] &lt;Weakling&gt; hehe<br>
[20:59] * PesciBot again@^&amp;*(!<br>
[20:59] * PesciBot AND AGAIN #^&amp;@*^&amp;<br>
[20:59] * Weakling AND AGAIN!!!!!<br>
[20:59] &lt;PesciBot&gt; {GZ}Blac: pescibot dun like you<br>
[20:59] &lt;Weakling&gt; hehe<br>
[20:59] &lt;PesciBot&gt; If you don&#39;t have my money for me, I&#39;ll crack your fucking head in front of everyone in the bank.<br>
[20:59] &lt;PesciBot&gt; That&#39;s my business. That&#39;s what I do.<br>
[20:59] &lt;Weakling&gt; heard it<br>
[20:59] &lt;PesciBot&gt; But guess what? I&#39;ll crack your fucking head again! &#39;Cause I&#39;m fucking stupid! I don&#39;t give a fuck about jail!<br>
[20:59] &lt;Weakling&gt; heard it<br>
[20:59] &lt;Weakling&gt; heard it<br>
[20:59] &lt;PesciBot&gt; And just about the time I get out of jail, hopefully, you&#39;ll be coming out of your coma.<br>
[21:00] * PesciBot hits mirc again<br>
[21:00] &lt;Weakling&gt; heard it<br>
[21:00] &lt;finalhour&gt; hey<br>
[21:00] * PesciBot and again &amp;@#^*<br>
[21:00] &lt;+DevilWarrior&gt; Stop it.<br>
[21:00] &lt;Weakling&gt; heard it<br>
[21:00] &lt;finalhour&gt; have you guys heard about the ratbot?<br>
[21:00] &lt;PesciBot&gt; heg<br>
[21:00] *** NoLimit[KA] has quit IRC (nolimit@dialup02-103.henry-net.com) (I3D.Quit:GlowNdark Script @ http://GlowNdark.hypermart.net/)<br>
[21:00] &lt;finalhour&gt; heh like zbot<br>
[21:00] &lt;+DevilWarrior&gt; Just kill the pesci bot!<br>
[21:00] *** PesciBot is now known as QID|YDL<br>
[21:00] *** [DSH]Who (someone@h-00609782d849.ne.mediaone.net) has joined #gloom<br>
[21:00] &lt;+DevilWarrior&gt; thank you<br>
[21:00] &lt;QID|YDL&gt; that was a fun log<br>
