---
title: gloom_iloveyou.log
---
[23:41] * JeSteR loves Spork
[23:41] * Spork loves jher
[23:41] * JeSteR loves Spork
[23:41] *** Reaper-1 (reaper_001@adsl-27-48.owt.com) has joined #gloom
[23:41] * Spork loves jher
[23:41] * JeSteR loves Spork
[23:41] <JeSteR> hehe
[23:41] * Spork loves jher
[23:41] <JeSteR> hehe
[23:41] * JeSteR loves Spork
[23:41] * Spork loves jher
[23:41] * JeSteR loves Spork
[23:41] * Spork loves jher
[23:41] * JeSteR loves Spork
[23:41] * LlurkBot_550 kicks Reaper-1
[23:41] * Spork loves jher
[23:41] * Reaper-1 loves ruby
[23:41] * JeSteR loves Spork
[23:41] * JeSteR loves Spork
[23:41] * JeSteR loves Spork
[23:41] * Spork loves jher
[23:41] * JeSteR loves Spork
[23:41] * Spork loves jher
[23:41] * Spork loves jher
[23:41] * Spork loves jher
[23:41] * Reaper-1 loves ruby
[23:41] * JeSteR loves Spork
[23:41] * Reaper-1 loves ruby
[23:41] * Reaper-1 loves ruby
[23:41] * Reaper-1 loves ruby
[23:41] *** ryuenjin has quit IRC (~you@56kdialpe38.kdsi.net) (Killed (Repeated password failure))
[23:41] * Reaper-1 loves ruby
[23:41] * Reaper-1 loves ruby
[23:41] * JeSteR loves Spork
[23:41] * Reaper-1 loves ruby
[23:41] * Or loves his pp
[23:41] * JeSteR loves Spork
[23:41] * Spork loves jher
[23:41] * Spork loves jher
[23:41] * JeSteR loves Spork
[23:42] * Spork loves jher
[23:42] * JeSteR loves Spork
[23:42] * Spork loves jher
[23:42] * JeSteR loves Spork
[23:42] *** ryuenjin (~you@56kdialpe38.kdsi.net) has joined #gloom
[23:42] * Spork loves jher
[23:42] * JeSteR loves Spork
[23:42] * QID|YDL loves ruby too
[23:42] * Spork loves jher
[23:42] * JeSteR loves Spork
[23:42] * Spork loves jher
[23:42] *** Spork was kicked by Jherax[DSH] (24 lps of pure lovin comin at j00!)
[23:42] * JeSteR loves Spork
[23:42] <Reaper-1> =)
[23:42] * JeSteR loves Spork
[23:42] * JeSteR loves Spork
[23:42] * JeSteR loves Spork
[23:42] * JeSteR loves Spork
[23:42] <Or> lol
[23:42] * JeSteR loves Spork
[23:42] *** ryuenjin is now known as nameless
[23:42] <Reaper-1> hey guys check it out, I'M TALKING IN PLAIN TEXT!
[23:42] * JeSteR loves Spork
[23:42] *** Spork (deletia@user-33qt08t.dialup.mindspring.com) has joined #gloom
[23:42] <JeSteR> hehe
[23:42] <Spork> lol
[23:42] <JeSteR> hehe
[23:42] <JeSteR> hehe
[23:42] * JeSteR loves Spork
[23:42] * JeSteR loves Spork
[23:42] <LlurkBot_550> whoa
[23:42] * JeSteR loves Spork
[23:42] * JeSteR loves Spork
[23:42] <nameless> I find it funny that my name becomes registered the DAY after I stop using it
[23:42] <QID|YDL> I'm logging this
[23:42] <LlurkBot_550> you can do that?
[23:42] <JeSteR> omg lol
[23:42] * Spork loves jher
[23:42] * nameless thinks someone is trying to screw him
[23:42] <Spork> lol
[23:43] <Spork> you wish
[23:43] * JeSteR thinks he knows who *wink*
[23:43] * Spork loves jher