---
title: half_life.log
---
[13:59] *** HellHammer[CP] (sp00ge@KLLNB102-11.splitrock.net) has joined #half-life<br>
[14:01] &lt;Freeze&gt; hellllll<br>
[14:01] &lt;HellHammer[CP]&gt; hgkagfv<br>
[14:01] &lt;HellHammer[CP]&gt; gahaha my cats are fighting<br>
[14:02] &lt;QID|YDL&gt; kewl<br>
[14:02] &lt;Gwags&gt; you sure they aint fuckin<br>
[14:02] &lt;HellHammer[CP]&gt; yes<br>
[14:02] *** Dritzen-Sleeping (none@islandtelecom28-49.islandtelecom.com) has joined #Half-Life<br>
[14:03] *** Dritzen-Sleeping is now known as Dritzen<br>
[14:03] *** Rafter (ratstink@207-172-204-10.s10.as1.hkt.nj.dialup.rcn.com) has joined #half-life<br>
[14:05] &lt;QID|YDL&gt; ...<br>
[14:05] &lt;TinCan&gt; ,,,<br>
[14:06] &lt;QID|YDL&gt; &#39;&#39;&#39;<br>
[14:06] &lt;Dritzen&gt; ---<br>
[14:07] &lt;TinCan&gt; I would like to buy a vowel<br>
[14:07] &lt;Dritzen&gt; Which one?<br>
[14:07] &lt;TinCan&gt; can I have an &quot;A&quot; pat?<br>
[14:08] &lt;TinCan&gt; I would like to solve the puzzle<br>
[14:08] &lt;Dritzen&gt; that&#39;s not a vowel, the vowels are z x y q and v<br>
[14:08] &lt;Dritzen&gt; we&#39;ve changed the rules<br>
[14:08] *** HellHammer[CP] has quit IRC (sp00ge@KLLNB102-11.splitrock.net) (Ping timeout)<br>
[14:09] *** HellHammer[CP] (sp00ge@KLLNB103-09.splitrock.net) has joined #half-life<br>
[14:09] &lt;HellHammer[CP]&gt; =(<br>
[14:09] &lt;Gwags&gt; X<br>
[14:09] &lt;Gwags&gt; ESX<br>
[14:09] &lt;Gwags&gt; SEX<br>
[14:09] * HellHammer[CP] is back -[ fuck you. plz ]- gone 3 min 44 s<br>
[14:09] &lt;HellHammer[CP]&gt; !<br>
[14:09] &lt;TinCan&gt; WAX<br>
[14:10] &lt;Dritzen&gt; lol<br>
[14:10] &lt;HellHammer[CP]&gt; sex = makes you constipated<br>
[14:10] &lt;Dritzen&gt; heh<br>
[14:10] &lt;Dritzen&gt; only if you take it up the ass<br>
[14:10] &lt;HellHammer[CP]&gt; it&#39;s true<br>
[14:10] &lt;TinCan&gt; heh<br>
[14:10] &lt;HellHammer[CP]&gt; NO<br>
[14:10] &lt;Dritzen&gt; lol<br>
[14:10] &lt;Dritzen&gt; that&#39;s why it&#39;s called<br>
[14:10] &lt;Dritzen&gt; fudge packing<br>
[14:10] &lt;TinCan&gt; mmmmmmmmmm.... fudge<br>
[14:10] &lt;HellHammer[CP]&gt; ass takage gives you da sqwerts<br>
[14:10] &lt;Gwags&gt; tasty butt fudge<br>
[14:11] &lt;Gwags&gt; I mean<br>
[14:11] &lt;Gwags&gt; ah...<br>
[14:11] &lt;Gwags&gt; no<br>
[14:11] &lt;Dritzen&gt; heh<br>
[14:11] &lt;HellHammer[CP]&gt; hmm<br>
[14:11] * Dritzen bets Hellhammer knows all this from experience..<br>
[14:11] &lt;HellHammer[CP]&gt; i read it...in a BOOK<br>
[14:12] &lt;QID|YDL&gt; NOO! NOT THE B WORD!<br>
[14:12] &lt;TinCan&gt; and I thought you just looked at the pictures<br>
[14:12] &lt;HellHammer[CP]&gt; there was no pictures<br>
[14:13] &lt;TinCan&gt; print is dead<br>
[14:14] &lt;Dritzen&gt; heh<br>
[14:14] &lt;Dritzen&gt; there was ascii<br>
[14:14] &lt;Dritzen&gt; ==============D<br>
[14:14] &lt;HellHammer[CP]&gt; .....<br>
[14:14] *** |-threedeefex-| (SD_mIRC@dialup-209.245.65.66.LosAngeles1.Level3.net) has joined #half-life<br>
[14:14] &lt;HellHammer[CP]&gt; heh...yelling at cats is fun<br>
[14:15] &lt;Rafter&gt; the_crafter suggests otherwise<br>
[14:15] &lt;Rafter&gt; he says<br>
[14:15] &lt;Rafter&gt; nevermind, i don&#39;t  want to be quoted on this<br>
[14:15] &lt;QID|YDL&gt; HellHammer[CP]: try a squirt gun<br>
[14:15] &lt;HellHammer[CP]&gt; heheh, the_crafter<br>
[14:15] &lt;HellHammer[CP]&gt; !!<br>
[14:15] &lt;HellHammer[CP]&gt; that&#39;s mean =(<br>
[14:15] &lt;QID|YDL&gt; no it&#39;s not<br>
[14:15] *** Gwags has quit IRC (georgewags@000hg090.up.bresnan.net) (Ping timeout)<br>
[14:15] &lt;HellHammer[CP]&gt; yes<br>
[14:15] &lt;HellHammer[CP]&gt; it is<br>
[14:15] &lt;AUKEN&gt; the_crafter is a homosexual<br>
[14:15] &lt;QID|YDL&gt; the water evaporates anyways<br>
[14:16] &lt;HellHammer[CP]&gt; you got that right<br>
[14:16] * QID|YDL shoots hellhammer with a super soaker<br>
[14:16] &lt;Dritzen&gt; orange pop rules<br>
[14:16] &lt;HellHammer[CP]&gt; wtf is that?<br>
[14:16] &lt;Dritzen&gt; you&#39;ve never had orange pop?<br>
[14:16] * AUKEN pulls his super soaker out his pants<br>
[14:17] &lt;AUKEN&gt; bow down, heathens<br>
[14:17] &lt;HellHammer[CP]&gt; i dont know what it is<br>
[14:17] &lt;Dritzen&gt; ever have orange crush?<br>
[14:17] &lt;QID|YDL&gt; orange pop 0wns<br>
[14:17] &lt;HellHammer[CP]&gt; oh...<br>
[14:17] &lt;Dritzen&gt; it&#39;s kind of like that<br>
[14:17] &lt;Dritzen&gt; but stronger<br>
[14:17] &lt;HellHammer[CP]&gt; no one says pop around here<br>
[14:17] &lt;AUKEN&gt; like Sunkist and shit<br>
[14:17] &lt;Dritzen&gt; the shit we make on this island is damn strong<br>
[14:17] &lt;Dritzen&gt; &#39;cola&#39; hehe<br>
[14:17] &lt;Dritzen&gt; lol<br>
[14:17] &lt;QID|YDL&gt; crush = orange pop/soda/whatever<br>
[14:17] &lt;Dritzen&gt; cola, man that&#39;s funny<br>
[14:17] *** Rafter is now known as Rafter|level<br>
[14:17] &lt;HellHammer[CP]&gt; they call it carbonated drink<br>
[14:17] *** Gwags (georgewags@000hg090.up.bresnan.net) has joined #half-life<br>
[14:17] &lt;TinCan&gt; soda<br>
[14:18] &lt;Dritzen&gt; in england, they call it &#39;fizzy drinks&#39;<br>
[14:18] &lt;Dritzen&gt; soda too, lol<br>
[14:18] &lt;AUKEN&gt; in hellhammer&#39;s town they call it &#39;sowdie pops&#39;<br>
[14:18] &lt;Dritzen&gt; ahh man, you americans make me laugh<br>
[14:18] &lt;Gwags&gt; who the fuck be fuckin disconnectin my ass<br>
[14:18] &lt;QID|YDL&gt; in england, they call fries &quot;chips&quot;<br>
[14:18] &lt;Dritzen&gt; if you went to a restaurant here<br>
[14:18] * HellHammer[CP] raises his hand<br>
[14:18] &lt;QID|YDL&gt; and they call trucks &quot;lorries&quot;<br>
[14:18] &lt;AUKEN&gt; Gwags: eyem haxing joo<br>
[14:18] &lt;Dritzen&gt; and ordered a &#39;soda&#39;<br>
[14:18] &lt;@BRiNGER&gt; In North America they called Dritzen &quot;fag&quot;<br>
[14:18] &lt;Dritzen&gt; you&#39;d be laughed out of the restaurant<br>
[14:18] &lt;QID|YDL&gt; so we can conculde english people are fucked up<br>
[14:18] &lt;Gwags&gt; nine<br>
[14:18] &lt;AUKEN&gt; hahjfad&#39;<br>
[14:18] &lt;QID|YDL&gt; hehegeheheheg<br>
[14:18] &lt;HellHammer[CP]&gt; hahhaha<br>
[14:18] &lt;Dritzen&gt; lol<br>
[14:19] *** |-threedeefex-| has quit IRC (SD_mIRC@dialup-209.245.65.66.LosAngeles1.Level3.net) (Quit: I was using SD_mIRC.)<br>
[14:19] &lt;Dritzen&gt; they call elavators &#39;lifts&#39;<br>
[14:19] &lt;AUKEN&gt; homos<br>
[14:19] &lt;HellHammer[CP]&gt; there&#39;s a severed finger nail in my yogurt =(<br>
[14:19] &lt;QID|YDL&gt; !<br>
[14:19] &lt;AUKEN&gt; cool<br>
[14:19] &lt;AUKEN&gt; save it<br>
[14:19] &lt;Dritzen&gt; weird<br>
[14:19] &lt;HellHammer[CP]&gt; err...nevermind..it was kiwi junk<br>
[14:19] &lt;Gwags&gt; in canada the rain never stops<br>
[14:19] &lt;Dritzen&gt; heh, maybe there will be a severed penis in the next one<br>
[14:19] &lt;QID|YDL&gt; anyone see those benchmarks where the PII beat the shit out of a mac?<br>
[14:19] &lt;Dritzen&gt; &quot;Full of penis goodness&quot;<br>
[14:19] &lt;AUKEN&gt; PANIS<br>
[14:20] &lt;HellHammer[CP]&gt; AVE KFC 666<br>
[14:20] &lt;Dritzen&gt; lol<br>
[14:20] &lt;Dritzen&gt; what the hell?<br>
[14:20] &lt;AUKEN&gt; 4 LYFE<br>
[14:20] &lt;Dritzen&gt; -YES-<br>
[14:20] &lt;HellHammer[CP]&gt; you wouldn&#39;t understand, canuck<br>
[14:20] &lt;Dritzen&gt; I spose not, hoser<br>
[14:20] &lt;AUKEN&gt; ZEIG HEIL CURLYTON<br>
[14:21] * HellHammer[CP] is away -[ drainin da fire hose ]- at 01:18p -[ P:On / L:On ]-<br>
[14:22] &lt;HellHammer[CP]&gt; JAWOHL<br>
[14:22] * HellHammer[CP] is back -[ drainin da fire hose ]- gone 1 min 17 s<br>
[14:23] &lt;HellHammer[CP]&gt; im so dirty<br>
[14:24] &lt;HellHammer[CP]&gt; gotta wash my hands...<br>
[14:24] &lt;AUKEN&gt; ewww<br>
[14:24] &lt;AUKEN&gt; go pet your cat before you do<br>
[14:25] &lt;AUKEN&gt; give it that nice fresh panis smell<br>
[14:25] *** Dritzen is now known as Dritzen-Movie<br>
[14:25] &lt;Dritzen-Movie&gt; watchin tha hackerz movi<br>
[14:25] &lt;Dritzen-Movie&gt; e<br>
[14:25] &lt;Dritzen-Movie&gt; bbl<br>
[14:26] &lt;Freeze&gt; hahaha<br>
[14:26] &lt;AUKEN&gt; huh<br>
[14:26] &lt;HellHammer[CP]&gt; hahahha<br>
[14:26] &lt;HellHammer[CP]&gt; that movie sucks cock<br>
[14:26] &lt;AUKEN&gt; what joo laughing at, canuk<br>
[14:26] &lt;Freeze&gt; that feckin movie<br>
[14:26] &lt;Freeze&gt; auken let&#39;s go to the chessboard :D<br>
[14:26] &lt;AUKEN&gt; hackerz?<br>
[14:26] &lt;AUKEN&gt; fuck you<br>
[14:26] &lt;Freeze&gt; yeh<br>
[14:26] &lt;Freeze&gt; &gt;:|<br>
[14:26] &lt;AUKEN&gt; faydwer sucks<br>
[14:26] &lt;Freeze&gt; nuh uh<br>
[14:26] &lt;Freeze&gt; where are you?<br>
[14:26] &lt;AUKEN&gt; uh huh<br>
[14:27] &lt;AUKEN&gt; Ro<br>
[14:27] &lt;Freeze&gt; dumb cock<br>
[14:27] &lt;AUKEN&gt; pfft<br>
[14:27] *** Freeze is now known as FreezeEQ<br>
[14:27] &lt;AUKEN&gt; big cock<br>
[14:27] &lt;HellHammer[CP]&gt; hmm<br>
[14:27] &lt;AUKEN&gt; more like<br>
[14:27] &lt;Masamune&gt; where?<br>
[14:27] &lt;AUKEN&gt; RIGHT HERE <br>
[14:27] &lt;Masamune&gt; GIVE IT TO ME<br>
[14:27] &lt;HellHammer[CP]&gt; hahah<br>
[14:27] &lt;FreezeEQ&gt; ...<br>
[14:27] &lt;AUKEN&gt; (_(_)===========D~~~~~~~~~~~<br>
[14:27] &lt;Masamune&gt; YES OH YES<br>
[14:27] &lt;Masamune&gt; hehegeghe<br>
[14:28] * HellHammer[CP] sneaks a touch<br>
[14:28] &lt;HellHammer[CP]&gt; teehee<br>
[14:28] &lt;Masamune&gt; HAHAHHA<br>
[14:28] &lt;AUKEN&gt; fjdhfk<br>
[14:28] &lt;AUKEN&gt; GET OFF ME AND GO WASH YER HANDS<br>
[14:28] &lt;HellHammer[CP]&gt; =(<br>
[14:28] &lt;AUKEN&gt; whoa, there&#39;s a raging lesbian on the people&#39;s court<br>
[14:28] &lt;AUKEN&gt; sweet<br>
[14:28] &lt;Masamune&gt; hehe<br>
[14:28] * HellHammer[CP] puts his fist in his mouth<br>
[14:29] &lt;HellHammer[CP]&gt; *blort*<br>
[14:29] &lt;Masamune&gt; i wish i could put a whole lightbulb in my mouth<br>
[14:29] &lt;Masamune&gt; that would be the coolest trick<br>
[14:29] &lt;AUKEN&gt; fdjshfdk<br>
[14:29] &lt;AUKEN&gt; i can<br>
[14:29] &lt;AUKEN&gt; ...<br>
[14:29] &lt;Masamune&gt; cocksucker.<br>
[14:29] *** Kevinl-Gone has quit IRC (kevinl@we-24-30-100-254.we.mediaone.net) (Ping timeout)<br>
[14:29] &lt;Masamune&gt; k0k<br>
[14:29] &lt;Masamune&gt; hgashghgfa<br>
[14:30] &lt;AUKEN&gt;  fhdskjf<br>
[14:30] &lt;HellHammer[CP]&gt; everyone can do that<br>
[14:30] &lt;Masamune&gt; i saw a guy eat a lightbulb once<br>
[14:30] &lt;AUKEN&gt; just if it breaks in your mot it would suck royally<br>
[14:30] &lt;HellHammer[CP]&gt; =\<br>
[14:30] &lt;AUKEN&gt; little shards of glass going down your throat<br>
[14:30] &lt;AUKEN&gt; *gag*<br>
[14:30] &lt;Masamune&gt; i saw a guy on TV do it.. yeha<br>
[14:31] &lt;HellHammer[CP]&gt; *spoewp*<br>
[14:31] &lt;Masamune&gt; he said that he had to drink this special stuff before he did it.. to coat the little shards<br>
[14:31] &lt;HellHammer[CP]&gt; my cat is smelling my dogs asshole...im worried<br>
[14:31] &lt;Masamune&gt; hahah<br>
[14:31] &lt;AUKEN&gt; hahhha<br>
[14:31] &lt;Masamune&gt; my cat&#39;s breath smells like cat food.<br>
[14:31] &lt;AUKEN&gt; so does mine =\<br>
[14:31] &lt;HellHammer[CP]&gt; ....<br>
[14:31] &lt;Masamune&gt; hehe<br>
[14:31] * HellHammer[CP] bent his wookie<br>
[14:31] &lt;AUKEN&gt; AND WHAT THE HELL IS UP WITH CATFOOD<br>
[14:31] &lt;AUKEN&gt; THERE AINT NO GODDDAMN CATS IN IT<br>
[14:31] &lt;HellHammer[CP]&gt; it&#39;s smelly<br>
[14:32] &lt;Masamune&gt; hehe<br>
[14:32] &lt;Masamune&gt; same goes for baby oil<br>
[14:32] &lt;AUKEN&gt; hahah<br>
[14:32] &lt;HellHammer[CP]&gt; hehe<br>
[14:32] &lt;HellHammer[CP]&gt; and parkinson&#39;s disease<br>
[14:32] * AUKEN hides his bottle of baby oil used for various puposes<br>
[14:32] &lt;Masamune&gt; haha<br>
[14:32] &lt;AUKEN&gt; *cough*<br>
[14:33] &lt;HellHammer[CP]&gt; ....<br>
[14:33] &lt;HellHammer[CP]&gt; recreational baby oil is cool<br>
[14:33] &lt;AUKEN&gt; hdshjfg<br>
[14:34] &lt;HellHammer[CP]&gt; they should put little sparkles in it so i looks like you have a magical shaft after you&#39;re done<br>
[14:34] *** ICE_CUBE (~Aviad_l@194.90.127.72) has joined #half-life<br>
[14:34] &lt;HellHammer[CP]&gt; right?<br>
[14:34] &lt;AUKEN&gt; WTF<br>
[14:34] &lt;AUKEN&gt; OMG<br>
[14:35] &lt;Masamune&gt; HAHHAHHA<br>
[14:35] &lt;AUKEN&gt; ITS ICE_CUBE<br>
[14:35] &lt;AUKEN&gt; FUCK THE POLICE#)(@*$<br>
[14:35] &lt;AUKEN&gt; FUCK THE POLICE#)(@*$<br>
[14:35] &lt;AUKEN&gt; FUCK THE POLICE#)(@*$<br>
[14:35] &lt;Masamune&gt; haha<br>
[14:35] &lt;Masamune&gt; tha<br>
[14:35] &lt;HellHammer[CP]&gt; chech yo self fo you wreck yo self<br>
[14:35] &lt;HellHammer[CP]&gt; er<br>
[14:35] &lt;HellHammer[CP]&gt; check<br>
[14:35] &lt;AUKEN&gt; chiggety check yoself<br>
[14:35] &lt;HellHammer[CP]&gt; shot gun bullits iz bad fo yo helf<br>
[14:35] &lt;AUKEN&gt; hdshf<br>
[14:36] &lt;ICE_CUBE&gt; wtf you r so stuiped i&#39;m out here<br>
[14:36] *** ICE_CUBE has quit IRC (~Aviad_l@194.90.127.72) (Quit: Leaving)<br>
[14:36] &lt;AUKEN&gt; &lt;Snd&gt; Hi! I&#39;m the talking vibrator! VREEEEEEEE<br>
[14:36] &lt;AUKEN&gt; err<br>
[14:36] &lt;QID|YDL&gt; shot gun bullets are bad for your elves?<br>
[14:36] &lt;AUKEN&gt; VREEEEEEEE<br>
[14:37] &lt;HellHammer[CP]&gt; vrreeee??<br>
[14:37] *** [chrisXtreme] (chrisxtrem@1Cust199.tnt1.tampa2.fl.da.uu.net) has joined #half-life<br>
[14:37] &lt;AUKEN&gt; (virbrator talk)<br>
[14:37] &lt;HellHammer[CP]&gt; should be: wwwwwrrrrrrrrrrrrr<br>
[14:37] &lt;AUKEN&gt; VREEEEEEEE<br>
[14:37] &lt;[chrisXtreme]&gt; help me im stick su,where in halflife<br>
[14:37] &lt;Masamune&gt; no.<br>
[14:37] &lt;HellHammer[CP]&gt; vvvvvvvvvvvvvvvvvvvvvvvvvvvvvvvvvvmmmmmmmmmmm<br>
[14:37] &lt;Masamune&gt; LUBE<br>
[14:37] &lt;TinCan&gt;  stick su?<br>
[14:37] &lt;[chrisXtreme]&gt; sumwhere<br>
[14:37] &lt;Masamune&gt; wugga wugga wugga wugga!<br>
[14:37] &lt;AUKEN&gt; hfdf<br>
[14:37] &lt;HellHammer[CP]&gt; is that the gas operated vibrator?<br>
[14:37] &lt;Masamune&gt; works like a charm!<br>
[14:37] &lt;HellHammer[CP]&gt; vum vum vum vum vum vum<br>
[14:37] &lt;Masamune&gt; YES.<br>
[14:38] &lt;HellHammer[CP]&gt; i&#39;ll take 2<br>
[14:38] &lt;AUKEN&gt; FUCK GAS.<br>
[14:38] &lt;[chrisXtreme]&gt; im at this place wit this 3 headed beast, and i have turned on a fan an the power, and i still cant kill it<br>
[14:38] &lt;AUKEN&gt; NUCLEAR FUSION BITCH.<br>
[14:38] &lt;HellHammer[CP]&gt; !<br>
[14:38] &lt;TinCan&gt; you dont kill it<br>
[14:38] * Masamune revs up his gas powered vibrator and squirts on some magical baby oil<br>
[14:38] &lt;QID|YDL&gt; shit... I&#39;m gonna just have to make this a log... I&#39;d wind up with a 15-line quote<br>
[14:38] &lt;HellHammer[CP]&gt; [chrisXtreme]: sorry, forgot about that part<br>
[14:38] &lt;[chrisXtreme]&gt; wtf do i do<br>
[14:38] &lt;[chrisXtreme]&gt; where do i go then<br>
[14:38] &lt;AUKEN&gt; ahjdfsf marsa<br>
[14:38] &lt;HellHammer[CP]&gt; MY magical brand?<br>
[14:38] &lt;Masamune&gt; YES<br>
[14:38] &lt;AUKEN&gt; chris: use goddmode<br>
[14:38] &lt;Masamune&gt; wif sparkles<br>
[14:38] &lt;Masamune&gt; hahaha<br>
[14:38] &lt;[chrisXtreme]&gt; i cant find anywhere to go<br>
[14:38] &lt;[chrisXtreme]&gt; do i go back where i came from?<br>
[14:39] &lt;Masamune&gt; no<br>
[14:39] &lt;HellHammer[CP]&gt; uncle skippy&#39;s patented sparkly nut l00b<br>
[14:39] &lt;AUKEN&gt; chris: fuck acctually playing the shit<br>
[14:39] &lt;[chrisXtreme]&gt; nono<br>
[14:39] &lt;Masamune&gt; go down the pit<br>
[14:39] &lt;[chrisXtreme]&gt; i dont cheat<br>
[14:39] &lt;Masamune&gt; GO DOWN THE PIT!!!)*@^$<br>
[14:39] &lt;Masamune&gt; AHJHAHGD<br>
[14:39] &lt;[chrisXtreme]&gt; hold on<br>
[14:39] &lt;[chrisXtreme]&gt; see i jsut climed back uptop :(<br>
[14:39] &lt;HellHammer[CP]&gt; fuck da po-leece<br>
[14:39] *** secks (MADSEX0RMA@ip35.lafayette.la.pub-ip.psi.net) has joined #half-life<br>
[14:39] &lt;Masamune&gt; comin straight out that underground<br>
[14:39] *** BRiNGER has quit IRC (bringer@204.138.181.232) (Connection reset by peer)<br>
[14:39] *** SmartFish (Xray@c31907-a.roalok1.mi.home.com) has joined #half-life<br>
[14:39] &lt;Masamune&gt; tha<br>
[14:39] &lt;Masamune&gt; SECKS.<br>
[14:40] &lt;SmartFish&gt; Heya<br>
[14:40] &lt;SmartFish&gt; :D<br>
[14:40] &lt;HellHammer[CP]&gt; ooOOoOOOOOOoOoo<br>
[14:40] &lt;secks&gt; FUCKING GODDAMN EARFLINK<br>
[14:40] *** AUKEN has quit IRC (MADSEX0RMA@ip35.lafayette.la.pub-ip.psi.net) (Connection reset by peer)<br>
[14:40] *** BRiNGER (bringer@204.138.181.232) has joined #half-life<br>
[14:40] &lt;QID|YDL&gt; hey UNFKEN<br>
[14:40] *** secks is now known as AUKEN<br>
[14:40] &lt;Masamune&gt; smartfish: you in royal oak, michigan?<br>
[14:40] &lt;SmartFish&gt; yea<br>
[14:40] &lt;HellHammer[CP]&gt; gimme awl j00r secks, plz<br>
[14:40] &lt;SmartFish&gt; err no<br>
[14:40] &lt;SmartFish&gt; around there<br>
[14:40] &lt;Masamune&gt; cool..<br>
[14:40] &lt;Masamune&gt; i&#39;m in grossie pointie hehehef<br>
[14:40] &lt;SmartFish&gt; I live in Troy <br>
[14:40] &lt;Masamune&gt; yah<br>
[14:40] &lt;AUKEN&gt; WOW<br>
[14:40] &lt;AUKEN&gt; THE LOST CITY!?!<br>
[14:40] &lt;[chrisXtreme]&gt; wtf you mean go into the pit<br>
[14:40] &lt;SmartFish&gt; what?<br>
[14:40] &lt;Masamune&gt; hHAD<br>
[14:40] &lt;Masamune&gt; GO IN THE PIT<br>
[14:40] &lt;HellHammer[CP]&gt; troy must have a big ass<br>
[14:41] &lt;TinCan&gt; [chrisXtreme] http://www.planethalflife.com/half-life/walkthrough/<br>
[14:41] &lt;Masamune&gt; no<br>
[14:41] &lt;[chrisXtreme]&gt; what put<br>
[14:41] &lt;[chrisXtreme]&gt; what pit<br>
[14:41] &lt;Masamune&gt; the pit with the slime in it<br>
[14:41] &lt;TinCan&gt; nope ignore that<br>
[14:41] &lt;[chrisXtreme]&gt; where?<br>
[14:41] &lt;Masamune&gt; swim around <br>
[14:41] &lt;HellHammer[CP]&gt; http://www.gamespot.com/features/macvspc/3.html<br>
[14:41] &lt;Masamune&gt; haha<br>
[14:41] &lt;AUKEN&gt; pee in the fan<br>
[14:41] &lt;Masamune&gt; pee on the electric fence<br>
[14:41] &lt;AUKEN&gt; hahhdks<br>
[14:41] &lt;HellHammer[CP]&gt; ahah<br>
[14:41] &lt;[chrisXtreme]&gt; the only way you guys fucking bea the game is non-legit<br>
[14:41] &lt;[chrisXtreme]&gt; goddamn you suck<br>
[14:41] &lt;Masamune&gt; nope<br>
[14:41] &lt;[chrisXtreme]&gt; beat<br>
[14:41] &lt;Masamune&gt; hehe<br>
[14:42] &lt;Masamune&gt; i beat it with no cheats<br>
[14:42] &lt;QID|YDL&gt; at least we can spell<br>
[14:42] &lt;AUKEN&gt; AHAHA<br>
[14:42] &lt;HellHammer[CP]&gt; my brother did that once with a cow fence<br>
[14:42] &lt;HellHammer[CP]&gt; what a dumb fuck<br>
[14:42] &lt;Masamune&gt; hahahaa<br>
[14:42] &lt;AUKEN&gt; REMEMBER THAT BEAVIS N BUTTHEAD EPISODE?!?<br>
[14:42] &lt;[chrisXtreme]&gt; i didnt sleep last night, you cant blame my typing<br>
[14:42] &lt;QID|YDL&gt; HellHammer[CP]: what happened?<br>
[14:42] &lt;HellHammer[CP]&gt; svdsbdgagagkjghs<br>
[14:42] &lt;QID|YDL&gt; [chrisXtreme]: yes I can<br>
[14:42] &lt;HellHammer[CP]&gt; what do you think?<br>
[14:42] *** [chrisXtreme] has quit IRC (chrisxtrem@1Cust199.tnt1.tampa2.fl.da.uu.net) (Quit: Leaving)<br>
[14:43] &lt;AUKEN&gt; &quot;&lt;beavis&gt; when i was young i whizzed on an electric fence, it really hurt it shocked my balls..uh heh heh heh heh&quot;<br>
[14:43] &lt;Masamune&gt; haha<br>
[14:43] &lt;HellHammer[CP]&gt; I REBENEMBER THAT ONE!<br>
[14:43] &lt;Masamune&gt; hey.. i got like 4 hours of sleep last night and i&#39;m not tired one tib<br>
[14:43] &lt;AUKEN&gt; YEA@!#@~~~<br>
[14:43] &lt;Masamune&gt; bit<br>
[14:43] &lt;Masamune&gt; tib<br>
[14:43] &lt;Masamune&gt; HJGGFAS&#39;<br>
[14:43] &lt;AUKEN&gt; DYSLEXIC FREAK.<br>
[14:43] &lt;SmartFish&gt; pee in a fan?<br>
[14:43] &lt;AUKEN&gt; yes<br>
[14:43] &lt;HellHammer[CP]&gt; J00 DYE<br>
[14:43] &lt;AUKEN&gt; whiz on that sucker<br>
[14:44] &lt;HellHammer[CP]&gt; its a great party trick<br>
[14:44] &lt;HellHammer[CP]&gt; if you pee in a fan (preferably on the floor) all the chick&#39;ll dig ya =D<br>
[14:44] &lt;AUKEN&gt; FEELING CHICKS UP IS A GREAT PARTY TRICK I CAN DO.<br>
[14:44] &lt;HellHammer[CP]&gt; chicks<br>
[14:44] &lt;HellHammer[CP]&gt; ME 3TOO<br>
[14:44] &lt;Masamune&gt; me 4three<br>
[14:44] &lt;AUKEN&gt; dfjdsh<br>
[14:45] &lt;Masamune&gt; fuck i&#39;m lame.<br>
[14:45] &lt;HellHammer[CP]&gt; I ALMOST GOT 2 3RD BASE BUT THE CHICK CAUGHT ME AN BEAT DA SHIT OUTTA ME<br>
[14:45] &lt;Masamune&gt; HAHHAAHGD<br>
[14:45] &lt;AUKEN&gt; HAASHFFSF<br>
[14:45] &lt;FreezeEQ&gt; hahaha<br>
[14:45] &lt;AUKEN&gt; what if you started going down her pants...and you got to her bush and it was sweaty as fuck and slimy<br>
[14:45] &lt;AUKEN&gt; i&#39;d say yummy!<br>
[14:46] &lt;HellHammer[CP]&gt; slimy@#%<br>
[14:46] &lt;HellHammer[CP]&gt; hmmm<br>
[14:46] &lt;HellHammer[CP]&gt; id say &quot;oh well&quot;<br>
[14:46] &lt;AUKEN&gt; hadjh<br>
[14:46] &lt;HellHammer[CP]&gt; then ill keep &quot;missing&quot;<br>
[14:47] &lt;SmartFish&gt; uhm<br>
[14:47] &lt;HellHammer[CP]&gt; then ill poke her eye out with my baby oil bottle@#%<br>
[14:47] &lt;AUKEN&gt; heefh<br>
[14:47] *** SmartFish is now known as stud<br>
[14:47] &lt;AUKEN&gt; harhar<br>
[14:47] &lt;HellHammer[CP]&gt; then ill go home and enchate my schlong<br>
[14:47] &lt;HellHammer[CP]&gt; enchant<br>
[14:48] &lt;AUKEN&gt; woo<br>
[14:48] &lt;stud&gt; heh<br>
[14:48] &lt;TinCan&gt;  what if you started going down her pants... and you notice (s)he has a panis<br>
[14:48] *** stud is now known as StudFish<br>
[14:48] &lt;StudFish&gt; TINCAN THAT IS NASTY!<br>
[14:48] &lt;AUKEN&gt; i&#39;d take a lick<br>
[14:48] &lt;AUKEN&gt; err...<br>
[14:48] &lt;AUKEN&gt; n/m<br>
[14:48] &lt;HellHammer[CP]&gt; !!!!!<br>
[14:48] &lt;TinCan&gt; heh<br>
[14:48] &lt;HellHammer[CP]&gt; id run away crying like a girl =D<br>
[14:48] &lt;StudFish&gt; YOU WOULD TAKE A LICK?<br>
[14:48] &lt;StudFish&gt; WTf?<br>
[14:48] &lt;AUKEN&gt; i&#39;d punch her cock<br>
[14:48] &lt;AUKEN&gt; err his<br>
[14:49] &lt;QID|YDL&gt; hegehe<br>
[14:49] &lt;HellHammer[CP]&gt; ghaha<br>
[14:49] &lt;TinCan&gt; I&#39;d kick him right in the nuts<br>
[14:49] &lt;StudFish&gt; ah<br>
[14:49] &lt;QID|YDL&gt; Quote: &lt;TinCan&gt; what if you started going down her pants... and you notice (s)he has a panis | &lt;StudFish&gt; TINCAN THAT IS NASTY! | &lt;AUKEN&gt; i&#39;d take a lick<br>
[14:49] &lt;HellHammer[CP]&gt; punch her cock with j00r tongue<br>
[14:49] &lt;QID|YDL&gt; there&#39;s the new topic<br>
[14:49] &lt;AUKEN&gt; AHDSKJF<br>
[14:49] &lt;StudFish&gt; I dare you all to have this conversation in #gamespy<br>
[14:49] &lt;TinCan&gt; &lt;AUKEN&gt; swings that way &quot;suuuuuper&quot;<br>
[14:49] &lt;HellHammer[CP]&gt; i cant<br>
[14:50] &lt;StudFish&gt; why<br>
[14:50] * HellHammer[CP] is on &quot;da shitlist&quot;<br>
[14:50] &lt;StudFish&gt; haha<br>
[14:50] &lt;AUKEN&gt; me too @#@~~<br>
[14:50] &lt;HellHammer[CP]&gt; i gotz a personal ban msg too =D<br>
[14:50] &lt;StudFish&gt; what did it say<br>
[14:50] &lt;HellHammer[CP]&gt; ill show you<br>
[14:51] &lt;AUKEN&gt; &#39;I bet you get your cpu in a box of crackerjax&#39;<br>
[14:51] &lt;AUKEN&gt; man this song owns<br>
[14:51] &lt;HellHammer[CP]&gt; =D<br>
[14:51] &lt;HellHammer[CP]&gt; gbot is a k0ks000kah<br>
[14:51] &lt;TinCan&gt; [11:50] *** HellHammer[CP] was kicked by GBot (banned: HH - BYE BYE LAMER!)<br>
[14:52] &lt;StudFish&gt; what did u d<br>
[14:52] &lt;StudFish&gt; do<br>
[14:52] &lt;HellHammer[CP]&gt; i bet they&#39;re talkin shit now =(<br>
[14:52] *** DarkSea (~KillAbees@port66139.terraworld.net) has joined #half-life<br>
[14:53] &lt;TinCan&gt; didnt even take notice<br>
[14:53] &lt;HellHammer[CP]&gt; heheh<br>
[14:53] &lt;TinCan&gt; auken is upset cuz he is not baned<br>
[14:53] &lt;HellHammer[CP]&gt; coool, everyone&#39;s ignoring me =D<br>
[14:54] &lt;AUKEN&gt; damnit, they wont give me an auto ban<br>
[14:54] &lt;AUKEN&gt; &gt;=|<br>
[14:54] &lt;HellHammer[CP]&gt; heheh<br>
[14:54] &lt;TinCan&gt; heh<br>
[14:54] &lt;HellHammer[CP]&gt; gah<br>
[14:54] &lt;StudFish&gt; hehe should I change my name to HellHammer[CP] while in #gamespy?????<br>
[14:54] &lt;HellHammer[CP]&gt; change it to achtung<br>
[14:54] &lt;StudFish&gt; y<br>
[14:54] *** UK|Electrico (parrenar@dialup-105-140.barrysworld.com) has joined #half-life<br>
[14:54] &lt;QID|YDL&gt; or SeigHail<br>
[14:54] &lt;TinCan&gt; ello UK<br>
[14:54] &lt;QID|YDL&gt; egh<br>
[14:54] &lt;UK|Electrico&gt; hey<br>
[14:54] &lt;HellHammer[CP]&gt; because i wanna nick kill you =)<br>
[14:55] &lt;QID|YDL&gt; heh<br>
[14:55] &lt;StudFish&gt; &lt;Haunter&gt; im afraid i&#39;m way smarter than you guys <br>
[14:55] &lt;StudFish&gt; whats up with that<br>
[14:55] 2:55pm Channel information: Ops: 0(0%) Non Ops: 18(100%) Total: 18<br>
[14:55] &lt;AUKEN&gt; WHEE<br>
[14:55] &lt;AUKEN&gt; BAN ME @@$<br>
[14:56] &lt;AUKEN&gt; err<br>
[14:56] &lt;QID|YDL&gt; haunt is some lamer who&#39;s been bothering us<br>
[14:56] &lt;AUKEN&gt; yay @$#%<br>
[14:56] &lt;HellHammer[CP]&gt; heh<br>
[14:56] &lt;AUKEN&gt; eye got banned from gheyspy, wheehaw<br>
[14:56] &lt;AUKEN&gt; for calling some guy a tard<br>
[14:56] &lt;HellHammer[CP]&gt; =D<br>
[14:56] &lt;HellHammer[CP]&gt; hahahghah<br>
[14:56] &lt;AUKEN&gt; he said &quot;dont call me a tard&quot;<br>
[14:56] &lt;QID|YDL&gt; what guy?<br>
[14:56] &lt;AUKEN&gt; i say &quot;tard. !&quot;<br>
[14:56] &lt;AUKEN&gt; krill<br>
[14:57] &lt;AUKEN&gt; kril<br>
[14:57] &lt;HellHammer[CP]&gt; did you cobby in your pants again?<br>
[14:57] &lt;AUKEN&gt; haha<br>
[14:57] &lt;QID|YDL&gt; heheghee<br>
[14:57] &lt;AUKEN&gt; that damn lesbo whore<br>
[14:57] *** Dritzen-Movie is now known as Dritzen<br>
[14:57] &lt;AUKEN&gt; i think she gives GoNINzo wood , cause every time i diss her he takes offense<br>
[14:58] *** Dritzen has quit IRC (none@islandtelecom28-49.islandtelecom.com) (Quit: Playing EQ)<br>
[14:58] *** BoMiester (bocordle@surfop38-69.jacksonville.net) has joined #half-life<br>
[14:59] &lt;AUKEN&gt; errr<br>
[14:59] &lt;AUKEN&gt; eq time<br>
[14:59] *** AUKEN has quit IRC (MADSEX0RMA@ip35.lafayette.la.pub-ip.psi.net) (Quit: &lt;PoSTaL&gt; do u like sex)<br>
